<?xml version="1.0" encoding="UTF-8"?>
<testsuites name="TS8_MakeApptHongKongPage" time="68.538" tests="1" failures="0" errors="0">
   <testsuite name="TS8_MakeApptHongKongPage" tests="1" failures="0" errors="0" time="68.538" skipped="0" timestamp="03-10-2024T01:47:06" hostname="UC276JC - IN3155587W2.ey.net" id="Test Suites/TS8_MakeApptHongKongPage">
      <properties>
         <property name="deviceName" value=""/>
         <property name="devicePlatform"/>
         <property name="logFolder" value="C:\\Users\\UC276JC\\git\\FinalKatalonTraining\\Reports\\20241003_014657\\TS8_MakeApptHongKongPage\\20241003_014657"/>
         <property name="logFiles" value="C:\\Users\\UC276JC\\git\\FinalKatalonTraining\\Reports\\20241003_014657\\TS8_MakeApptHongKongPage\\20241003_014657\\execution0.log"/>
         <property name="attachments" value=""/>
         <property name="hostName" value="UC276JC - IN3155587W2.ey.net"/>
         <property name="os" value="Windows 10 64bit"/>
         <property name="katalonVersion" value="9.7.2.223"/>
         <property name="browser" value="Edge Chromium 129"/>
         <property name="hostAddress" value="192.168.0.101"/>
         <property name="sessionId" value="724360938c9c7cf57a81b4780debafd7"/>
         <property name="seleniumVersion" value="3.141.59"/>
         <property name="proxyInformation" value="ProxyInformation { proxyOption=NO_PROXY, proxyServerType=HTTP, username=, password=********, proxyServerAddress=, proxyServerPort=0, executionList=&quot;&quot;, isApplyToDesiredCapabilities=true }"/>
         <property name="platform" value="Windows 10"/>
      </properties>
      <testcase name="Test Cases/TC8_MakeApptHongKongPage" time="16.888" classname="Test Cases/TC8_MakeApptHongKongPage" status="PASSED">
         <system-out><![CDATA[03-10-2024T01:47:58 - [TEST_CASE][PASSED] - Test Cases/TC8_MakeApptHongKongPage: Test Cases/TC8_MakeApptHongKongPage

03-10-2024T01:47:58 - [TEST_STEP][PASSED] - openBrowser(""): Browser is opened with url: ''

03-10-2024T01:47:58 - [MESSAGE][WARNING] - A browser is already opened. Closing browser and opening a new one

03-10-2024T01:47:58 - [MESSAGE][INFO] - Starting 'Edge Chromium' driver

03-10-2024T01:48:00 - [MESSAGE][INFO] - Action delay is set to 0 milliseconds

03-10-2024T01:48:02 - [MESSAGE][PASSED] - Browser is opened with url: ''

03-10-2024T01:48:02 - [TEST_STEP][PASSED] - navigateToUrl("https://katalon-demo-cura.herokuapp.com/"): Navigate to 'https://katalon-demo-cura.herokuapp.com/' successfully

03-10-2024T01:48:05 - [MESSAGE][PASSED] - Navigate to 'https://katalon-demo-cura.herokuapp.com/' successfully

03-10-2024T01:48:05 - [TEST_STEP][PASSED] - click(findTestObject("TC7_MakeApptTokyoPage_OR/i_CURA Healthcare_fa fa-bars")): Object: 'Object Repository/TC7_MakeApptTokyoPage_OR/i_CURA Healthcare_fa fa-bars' is clicked on

03-10-2024T01:48:06 - [MESSAGE][PASSED] - Object: 'Object Repository/TC7_MakeApptTokyoPage_OR/i_CURA Healthcare_fa fa-bars' is clicked on

03-10-2024T01:48:06 - [TEST_STEP][PASSED] - click(findTestObject("Object Repository/TC8_MakeApptHongKongPage_OR/a_Login")): Object: 'Object Repository/TC8_MakeApptHongKongPage_OR/a_Login' is clicked on

03-10-2024T01:48:06 - [MESSAGE][PASSED] - Object: 'Object Repository/TC8_MakeApptHongKongPage_OR/a_Login' is clicked on

03-10-2024T01:48:06 - [TEST_STEP][PASSED] - click(findTestObject("Object Repository/TC8_MakeApptHongKongPage_OR/input_Demo account_form-control")): Object: 'Object Repository/TC8_MakeApptHongKongPage_OR/input_Demo account_form-control' is clicked on

03-10-2024T01:48:07 - [MESSAGE][PASSED] - Object: 'Object Repository/TC8_MakeApptHongKongPage_OR/input_Demo account_form-control' is clicked on

03-10-2024T01:48:07 - [TEST_STEP][PASSED] - setText(findTestObject("Object Repository/TC8_MakeApptHongKongPage_OR/input_Username_username"), "John Doe"): Text 'John Doe' is set on object 'Object Repository/TC8_MakeApptHongKongPage_OR/input_Username_username'

03-10-2024T01:48:08 - [MESSAGE][PASSED] - Text 'John Doe' is set on object 'Object Repository/TC8_MakeApptHongKongPage_OR/input_Username_username'

03-10-2024T01:48:08 - [TEST_STEP][PASSED] - setText(findTestObject("Object Repository/TC8_MakeApptHongKongPage_OR/input_Demo account_form-control_1"), "ThisIsNotAPassword"): Text 'ThisIsNotAPassword' is set on object 'Object Repository/TC8_MakeApptHongKongPage_OR/input_Demo account_form-control_1'

03-10-2024T01:48:08 - [MESSAGE][PASSED] - Text 'ThisIsNotAPassword' is set on object 'Object Repository/TC8_MakeApptHongKongPage_OR/input_Demo account_form-control_1'

03-10-2024T01:48:08 - [TEST_STEP][PASSED] - click(findTestObject("Object Repository/TC8_MakeApptHongKongPage_OR/input_Demo account_form-control_1")): Object: 'Object Repository/TC8_MakeApptHongKongPage_OR/input_Demo account_form-control_1' is clicked on

03-10-2024T01:48:09 - [MESSAGE][PASSED] - Object: 'Object Repository/TC8_MakeApptHongKongPage_OR/input_Demo account_form-control_1' is clicked on

03-10-2024T01:48:09 - [TEST_STEP][PASSED] - setEncryptedText(findTestObject("Object Repository/TC8_MakeApptHongKongPage_OR/input_Password_password"), "g3/DOGG74jC3Flrr3yH+3D/yKbOqqUNM"): Text ****** has been set on object 'Object Repository/TC8_MakeApptHongKongPage_OR/input_Password_password'

03-10-2024T01:48:09 - [MESSAGE][PASSED] - Text ****** has been set on object 'Object Repository/TC8_MakeApptHongKongPage_OR/input_Password_password'

03-10-2024T01:48:09 - [TEST_STEP][PASSED] - click(findTestObject("Object Repository/TC8_MakeApptHongKongPage_OR/button_Login")): Object: 'Object Repository/TC8_MakeApptHongKongPage_OR/button_Login' is clicked on

03-10-2024T01:48:10 - [MESSAGE][PASSED] - Object: 'Object Repository/TC8_MakeApptHongKongPage_OR/button_Login' is clicked on

03-10-2024T01:48:10 - [TEST_STEP][PASSED] - selectOptionByValue(findTestObject("Object Repository/TC8_MakeApptHongKongPage_OR/select_Tokyo CURA Healthcare Center        _5b4107"), "Hongkong CURA Healthcare Center", true): All options with value 'Hongkong CURA Healthcare Center' are selected in object 'Object Repository/TC8_MakeApptHongKongPage_OR/select_Tokyo CURA Healthcare Center        _5b4107'  using regular expression

03-10-2024T01:48:11 - [MESSAGE][PASSED] - All options with value 'Hongkong CURA Healthcare Center' are selected in object 'Object Repository/TC8_MakeApptHongKongPage_OR/select_Tokyo CURA Healthcare Center        _5b4107'  using regular expression

03-10-2024T01:48:11 - [TEST_STEP][PASSED] - click(findTestObject("Object Repository/TC8_MakeApptHongKongPage_OR/label_Apply for hospital readmission")): Object: 'Object Repository/TC8_MakeApptHongKongPage_OR/label_Apply for hospital readmission' is clicked on

03-10-2024T01:48:12 - [MESSAGE][PASSED] - Object: 'Object Repository/TC8_MakeApptHongKongPage_OR/label_Apply for hospital readmission' is clicked on

03-10-2024T01:48:12 - [TEST_STEP][PASSED] - click(findTestObject("Object Repository/TC8_MakeApptHongKongPage_OR/div_Visit Date (Required)_input-group-addon")): Object: 'Object Repository/TC8_MakeApptHongKongPage_OR/div_Visit Date (Required)_input-group-addon' is clicked on

03-10-2024T01:48:12 - [MESSAGE][PASSED] - Object: 'Object Repository/TC8_MakeApptHongKongPage_OR/div_Visit Date (Required)_input-group-addon' is clicked on

03-10-2024T01:48:12 - [TEST_STEP][PASSED] - click(findTestObject("Object Repository/TC8_MakeApptHongKongPage_OR/span_Visit Date (Required)_glyphicon glyphi_cada34")): Object: 'Object Repository/TC8_MakeApptHongKongPage_OR/span_Visit Date (Required)_glyphicon glyphi_cada34' is clicked on

03-10-2024T01:48:12 - [MESSAGE][PASSED] - Object: 'Object Repository/TC8_MakeApptHongKongPage_OR/span_Visit Date (Required)_glyphicon glyphi_cada34' is clicked on

03-10-2024T01:48:12 - [TEST_STEP][PASSED] - click(findTestObject("Object Repository/TC8_MakeApptHongKongPage_OR/th_")): Object: 'Object Repository/TC8_MakeApptHongKongPage_OR/th_' is clicked on

03-10-2024T01:48:13 - [MESSAGE][PASSED] - Object: 'Object Repository/TC8_MakeApptHongKongPage_OR/th_' is clicked on

03-10-2024T01:48:13 - [TEST_STEP][PASSED] - click(findTestObject("Object Repository/TC8_MakeApptHongKongPage_OR/td_14")): Object: 'Object Repository/TC8_MakeApptHongKongPage_OR/td_14' is clicked on

03-10-2024T01:48:13 - [MESSAGE][PASSED] - Object: 'Object Repository/TC8_MakeApptHongKongPage_OR/td_14' is clicked on

03-10-2024T01:48:13 - [TEST_STEP][PASSED] - setText(findTestObject("Object Repository/TC8_MakeApptHongKongPage_OR/textarea_Comment_comment"), "Hongkong appointment"): Text 'Hongkong appointment' is set on object 'Object Repository/TC8_MakeApptHongKongPage_OR/textarea_Comment_comment'

03-10-2024T01:48:14 - [MESSAGE][PASSED] - Text 'Hongkong appointment' is set on object 'Object Repository/TC8_MakeApptHongKongPage_OR/textarea_Comment_comment'

03-10-2024T01:48:14 - [TEST_STEP][PASSED] - closeBrowser(): Browser is closed

03-10-2024T01:48:15 - [MESSAGE][PASSED] - Browser is closed]]></system-out>
         <system-err><![CDATA[]]></system-err>
      </testcase>
      <system-out><![CDATA[03-10-2024T01:47:06 - [TEST_SUITE][FAILED] - TS8_MakeApptHongKongPage: Test Cases/TC8_MakeApptHongKongPage FAILED.
Reason:
com.kms.katalon.core.exception.StepFailedException: Unable to select option by value 'Hongkong CURA Healthcare Center' of object 'Object Repository/TC8_MakeApptHongKongPage_OR/select_Tokyo CURA Healthcare Center        _5b4107'  using regular expression
	at com.kms.katalon.core.webui.keyword.internal.WebUIKeywordMain.stepFailed(WebUIKeywordMain.groovy:117)
	at com.kms.katalon.core.webui.keyword.internal.WebUIKeywordMain.runKeyword(WebUIKeywordMain.groovy:43)
	at com.kms.katalon.core.webui.keyword.builtin.SelectOptionByValueKeyword.selectOptionByValue(SelectOptionByValueKeyword.groovy:99)
	at com.kms.katalon.core.webui.keyword.builtin.SelectOptionByValueKeyword.execute(SelectOptionByValueKeyword.groovy:71)
	at com.kms.katalon.core.keyword.internal.KeywordExecutor.executeKeywordForPlatform(KeywordExecutor.groovy:74)
	at com.kms.katalon.core.webui.keyword.WebUiBuiltInKeywords.selectOptionByValue(WebUiBuiltInKeywords.groovy:1207)
	at TC8_MakeApptHongKongPage.run(TC8_MakeApptHongKongPage:40)
	at com.kms.katalon.core.main.ScriptEngine.run(ScriptEngine.java:194)
	at com.kms.katalon.core.main.ScriptEngine.runScriptAsRawText(ScriptEngine.java:119)
	at com.kms.katalon.core.main.TestCaseExecutor.runScript(TestCaseExecutor.java:448)
	at com.kms.katalon.core.main.TestCaseExecutor.doExecute(TestCaseExecutor.java:439)
	at com.kms.katalon.core.main.TestCaseExecutor.processExecutionPhase(TestCaseExecutor.java:418)
	at com.kms.katalon.core.main.TestCaseExecutor.accessMainPhase(TestCaseExecutor.java:410)
	at com.kms.katalon.core.main.TestCaseExecutor.execute(TestCaseExecutor.java:285)
	at com.kms.katalon.core.common.CommonExecutor.accessTestCaseMainPhase(CommonExecutor.java:65)
	at com.kms.katalon.core.main.TestSuiteExecutor.accessTestSuiteMainPhase(TestSuiteExecutor.java:150)
	at com.kms.katalon.core.main.TestSuiteExecutor.execute(TestSuiteExecutor.java:106)
	at com.kms.katalon.core.main.TestCaseMain.startTestSuite(TestCaseMain.java:180)
	at TempTestSuite1727900217948.run(TempTestSuite1727900217948.groovy:35)
	at java.base/jdk.internal.reflect.NativeMethodAccessorImpl.invoke0(Native Method)
	at java.base/jdk.internal.reflect.NativeMethodAccessorImpl.invoke(NativeMethodAccessorImpl.java:77)
	at java.base/jdk.internal.reflect.DelegatingMethodAccessorImpl.invoke(DelegatingMethodAccessorImpl.java:43)
Caused by: com.kms.katalon.core.webui.exception.WebElementNotFoundException: Web element with id: 'Object Repository/TC8_MakeApptHongKongPage_OR/select_Tokyo CURA Healthcare Center        _5b4107' located by '//select[@id='combo_facility']' not found
	at com.kms.katalon.core.webui.common.WebUiCommonHelper.findWebElement(WebUiCommonHelper.java:1419)
	at com.kms.katalon.core.webui.keyword.internal.WebUIAbstractKeyword.findWebElement(WebUIAbstractKeyword.groovy:27)
	at com.kms.katalon.core.webui.keyword.internal.WebUIAbstractKeyword.findWebElement(WebUIAbstractKeyword.groovy:26)
	at com.kms.katalon.core.webui.keyword.builtin.SelectOptionByValueKeyword$_selectOptionByValue_closure1.doCall(SelectOptionByValueKeyword.groovy:86)
	at com.kms.katalon.core.webui.keyword.builtin.SelectOptionByValueKeyword$_selectOptionByValue_closure1.call(SelectOptionByValueKeyword.groovy)
	at com.kms.katalon.core.webui.keyword.internal.WebUIKeywordMain.runKeyword(WebUIKeywordMain.groovy:35)
	... 20 more]]></system-out>
      <system-err><![CDATA[03-10-2024T01:47:06 - [TEST_SUITE][FAILED] - TS8_MakeApptHongKongPage: Test Cases/TC8_MakeApptHongKongPage FAILED.
Reason:
com.kms.katalon.core.exception.StepFailedException: Unable to select option by value 'Hongkong CURA Healthcare Center' of object 'Object Repository/TC8_MakeApptHongKongPage_OR/select_Tokyo CURA Healthcare Center        _5b4107'  using regular expression
	at com.kms.katalon.core.webui.keyword.internal.WebUIKeywordMain.stepFailed(WebUIKeywordMain.groovy:117)
	at com.kms.katalon.core.webui.keyword.internal.WebUIKeywordMain.runKeyword(WebUIKeywordMain.groovy:43)
	at com.kms.katalon.core.webui.keyword.builtin.SelectOptionByValueKeyword.selectOptionByValue(SelectOptionByValueKeyword.groovy:99)
	at com.kms.katalon.core.webui.keyword.builtin.SelectOptionByValueKeyword.execute(SelectOptionByValueKeyword.groovy:71)
	at com.kms.katalon.core.keyword.internal.KeywordExecutor.executeKeywordForPlatform(KeywordExecutor.groovy:74)
	at com.kms.katalon.core.webui.keyword.WebUiBuiltInKeywords.selectOptionByValue(WebUiBuiltInKeywords.groovy:1207)
	at TC8_MakeApptHongKongPage.run(TC8_MakeApptHongKongPage:40)
	at com.kms.katalon.core.main.ScriptEngine.run(ScriptEngine.java:194)
	at com.kms.katalon.core.main.ScriptEngine.runScriptAsRawText(ScriptEngine.java:119)
	at com.kms.katalon.core.main.TestCaseExecutor.runScript(TestCaseExecutor.java:448)
	at com.kms.katalon.core.main.TestCaseExecutor.doExecute(TestCaseExecutor.java:439)
	at com.kms.katalon.core.main.TestCaseExecutor.processExecutionPhase(TestCaseExecutor.java:418)
	at com.kms.katalon.core.main.TestCaseExecutor.accessMainPhase(TestCaseExecutor.java:410)
	at com.kms.katalon.core.main.TestCaseExecutor.execute(TestCaseExecutor.java:285)
	at com.kms.katalon.core.common.CommonExecutor.accessTestCaseMainPhase(CommonExecutor.java:65)
	at com.kms.katalon.core.main.TestSuiteExecutor.accessTestSuiteMainPhase(TestSuiteExecutor.java:150)
	at com.kms.katalon.core.main.TestSuiteExecutor.execute(TestSuiteExecutor.java:106)
	at com.kms.katalon.core.main.TestCaseMain.startTestSuite(TestCaseMain.java:180)
	at TempTestSuite1727900217948.run(TempTestSuite1727900217948.groovy:35)
	at java.base/jdk.internal.reflect.NativeMethodAccessorImpl.invoke0(Native Method)
	at java.base/jdk.internal.reflect.NativeMethodAccessorImpl.invoke(NativeMethodAccessorImpl.java:77)
	at java.base/jdk.internal.reflect.DelegatingMethodAccessorImpl.invoke(DelegatingMethodAccessorImpl.java:43)
Caused by: com.kms.katalon.core.webui.exception.WebElementNotFoundException: Web element with id: 'Object Repository/TC8_MakeApptHongKongPage_OR/select_Tokyo CURA Healthcare Center        _5b4107' located by '//select[@id='combo_facility']' not found
	at com.kms.katalon.core.webui.common.WebUiCommonHelper.findWebElement(WebUiCommonHelper.java:1419)
	at com.kms.katalon.core.webui.keyword.internal.WebUIAbstractKeyword.findWebElement(WebUIAbstractKeyword.groovy:27)
	at com.kms.katalon.core.webui.keyword.internal.WebUIAbstractKeyword.findWebElement(WebUIAbstractKeyword.groovy:26)
	at com.kms.katalon.core.webui.keyword.builtin.SelectOptionByValueKeyword$_selectOptionByValue_closure1.doCall(SelectOptionByValueKeyword.groovy:86)
	at com.kms.katalon.core.webui.keyword.builtin.SelectOptionByValueKeyword$_selectOptionByValue_closure1.call(SelectOptionByValueKeyword.groovy)
	at com.kms.katalon.core.webui.keyword.internal.WebUIKeywordMain.runKeyword(WebUIKeywordMain.groovy:35)
	... 20 more]]></system-err>
   </testsuite>
</testsuites>
