<?xml version="1.0" encoding="UTF-8"?>
<testsuites name="TS1_LandingPage" time="5.695" tests="1" failures="0" errors="0">
   <testsuite name="TS1_LandingPage" tests="1" failures="0" errors="0" time="5.695" skipped="0" timestamp="29-09-2024T14:29:26" hostname="abhin - Baahubali" id="Test Suites/TS1_LandingPage">
      <properties>
         <property name="deviceName" value=""/>
         <property name="devicePlatform"/>
         <property name="logFolder" value="C:\\Users\\abhin\\git\\FinalKatalonTraining\\Reports\\20240929_142922\\TS1_LandingPage\\20240929_142922"/>
         <property name="logFiles" value="C:\\Users\\abhin\\git\\FinalKatalonTraining\\Reports\\20240929_142922\\TS1_LandingPage\\20240929_142922\\execution0.log"/>
         <property name="attachments" value=""/>
         <property name="hostName" value="abhin - Baahubali"/>
         <property name="os" value="Windows 11 64bit"/>
         <property name="katalonVersion" value="9.7.2.223"/>
         <property name="browser" value="Edge Chromium 129"/>
         <property name="hostAddress" value="192.168.0.104"/>
         <property name="sessionId" value="da6b6eec3fa16563d455f4d1f27697c2"/>
         <property name="seleniumVersion" value="3.141.59"/>
         <property name="proxyInformation" value="ProxyInformation { proxyOption=NO_PROXY, proxyServerType=HTTP, username=, password=********, proxyServerAddress=, proxyServerPort=0, executionList=&quot;&quot;, isApplyToDesiredCapabilities=true }"/>
         <property name="platform" value="Windows 11"/>
      </properties>
      <testcase name="Test Cases/TC1_LandingPage" time="5.513" classname="Test Cases/TC1_LandingPage" status="PASSED">
         <system-out><![CDATA[29-09-2024T14:29:26 - [TEST_CASE][PASSED] - Test Cases/TC1_LandingPage: Test Cases/TC1_LandingPage

29-09-2024T14:29:26 - [TEST_STEP][PASSED] - openBrowser(""): Browser is opened with url: ''

29-09-2024T14:29:26 - [MESSAGE][INFO] - Starting 'Edge Chromium' driver

29-09-2024T14:29:26 - [MESSAGE][INFO] - Action delay is set to 0 milliseconds

29-09-2024T14:29:28 - [MESSAGE][PASSED] - Browser is opened with url: ''

29-09-2024T14:29:28 - [TEST_STEP][PASSED] - navigateToUrl("https://katalon-demo-cura.herokuapp.com/"): Navigate to 'https://katalon-demo-cura.herokuapp.com/' successfully

29-09-2024T14:29:30 - [MESSAGE][PASSED] - Navigate to 'https://katalon-demo-cura.herokuapp.com/' successfully

29-09-2024T14:29:30 - [TEST_STEP][PASSED] - click(findTestObject("Object Repository/TC1_LandingPage_OR/Page_CURA Healthcare Service/strong_CURA Healthcare Service")): Object: 'Object Repository/TC1_LandingPage_OR/Page_CURA Healthcare Service/strong_CURA Healthcare Service' is clicked on

29-09-2024T14:29:31 - [MESSAGE][PASSED] - Object: 'Object Repository/TC1_LandingPage_OR/Page_CURA Healthcare Service/strong_CURA Healthcare Service' is clicked on

29-09-2024T14:29:31 - [TEST_STEP][PASSED] - closeBrowser(): Browser is closed

29-09-2024T14:29:31 - [MESSAGE][PASSED] - Browser is closed]]></system-out>
         <system-err><![CDATA[]]></system-err>
      </testcase>
      <system-out><![CDATA[29-09-2024T14:29:26 - [TEST_SUITE][PASSED] - TS1_LandingPage: Test Cases/TC1_LandingPage]]></system-out>
      <system-err><![CDATA[]]></system-err>
   </testsuite>
</testsuites>
