<?xml version="1.0" encoding="UTF-8"?>
<testsuites name="TS2_Menu" time="18.384" tests="1" failures="0" errors="0">
   <testsuite name="TS2_Menu" tests="1" failures="0" errors="0" time="18.384" skipped="0" timestamp="02-10-2024T23:32:50" hostname="UC276JC - IN3155587W2.ey.net" id="Test Suites/TS2_Menu">
      <properties>
         <property name="deviceName" value=""/>
         <property name="devicePlatform"/>
         <property name="logFolder" value="C:\\Users\\UC276JC\\git\\FinalKatalonTraining\\Reports\\20241002_233212\\TS2_Menu\\20241002_233212"/>
         <property name="logFiles" value="C:\\Users\\UC276JC\\git\\FinalKatalonTraining\\Reports\\20241002_233212\\TS2_Menu\\20241002_233212\\execution0.log"/>
         <property name="attachments" value=""/>
         <property name="hostName" value="UC276JC - IN3155587W2.ey.net"/>
         <property name="os" value="Windows 10 64bit"/>
         <property name="katalonVersion" value="9.7.2.223"/>
         <property name="browser" value="Edge Chromium 129"/>
         <property name="hostAddress" value="192.168.0.101"/>
         <property name="sessionId" value="af8990083e6be78a8b00f9bd63c3a48b"/>
         <property name="seleniumVersion" value="3.141.59"/>
         <property name="proxyInformation" value="ProxyInformation { proxyOption=NO_PROXY, proxyServerType=HTTP, username=, password=********, proxyServerAddress=, proxyServerPort=0, executionList=&quot;&quot;, isApplyToDesiredCapabilities=true }"/>
         <property name="platform" value="Windows 10"/>
      </properties>
      <testcase name="Test Cases/TC2_Menu" time="17.8" classname="Test Cases/TC2_Menu" status="PASSED">
         <system-out><![CDATA[02-10-2024T23:32:50 - [TEST_CASE][PASSED] - Test Cases/TC2_Menu: Test Cases/TC2_Menu

02-10-2024T23:32:51 - [TEST_STEP][PASSED] - openBrowser(""): Browser is opened with url: ''

02-10-2024T23:32:52 - [MESSAGE][INFO] - Starting 'Edge Chromium' driver

02-10-2024T23:32:53 - [MESSAGE][INFO] - Action delay is set to 0 milliseconds

02-10-2024T23:32:57 - [MESSAGE][PASSED] - Browser is opened with url: ''

02-10-2024T23:32:57 - [TEST_STEP][PASSED] - navigateToUrl("https://katalon-demo-cura.herokuapp.com/"): Navigate to 'https://katalon-demo-cura.herokuapp.com/' successfully

02-10-2024T23:33:01 - [MESSAGE][PASSED] - Navigate to 'https://katalon-demo-cura.herokuapp.com/' successfully

02-10-2024T23:33:01 - [TEST_STEP][PASSED] - click(findTestObject("Object Repository/TC2_Menu_OR/i_CURA Healthcare_fa fa-bars")): Object: 'Object Repository/TC2_Menu_OR/i_CURA Healthcare_fa fa-bars' is clicked on

02-10-2024T23:33:04 - [MESSAGE][PASSED] - Object: 'Object Repository/TC2_Menu_OR/i_CURA Healthcare_fa fa-bars' is clicked on

02-10-2024T23:33:04 - [TEST_STEP][PASSED] - verifyElementPresent(findTestObject("Object Repository/TC2_Menu_OR/a_Home"), 0): Object 'Object Repository/TC2_Menu_OR/a_Home' is present

02-10-2024T23:33:04 - [MESSAGE][WARNING] - Timeout '0' is invalid. Using default page load timeout: '30'

02-10-2024T23:33:05 - [MESSAGE][PASSED] - Object 'Object Repository/TC2_Menu_OR/a_Home' is present

02-10-2024T23:33:05 - [TEST_STEP][PASSED] - verifyElementPresent(findTestObject("Object Repository/TC2_Menu_OR/a_Login"), 0): Object 'Object Repository/TC2_Menu_OR/a_Login' is present

02-10-2024T23:33:05 - [MESSAGE][WARNING] - Timeout '0' is invalid. Using default page load timeout: '30'

02-10-2024T23:33:07 - [MESSAGE][PASSED] - Object 'Object Repository/TC2_Menu_OR/a_Login' is present

02-10-2024T23:33:07 - [TEST_STEP][PASSED] - closeBrowser(): Browser is closed

02-10-2024T23:33:08 - [MESSAGE][PASSED] - Browser is closed]]></system-out>
         <system-err><![CDATA[]]></system-err>
      </testcase>
      <system-out><![CDATA[02-10-2024T23:32:50 - [TEST_SUITE][PASSED] - TS2_Menu: Test Cases/TC2_Menu]]></system-out>
      <system-err><![CDATA[]]></system-err>
   </testsuite>
</testsuites>
