<?xml version="1.0" encoding="UTF-8"?>
<testsuites name="TS3_LoginPage" time="14.9" tests="1" failures="0" errors="0">
   <testsuite name="TS3_LoginPage" tests="1" failures="0" errors="0" time="14.9" skipped="0" timestamp="03-10-2024T00:19:23" hostname="UC276JC - IN3155587W2.ey.net" id="Test Suites/TS3_LoginPage">
      <properties>
         <property name="deviceName" value=""/>
         <property name="devicePlatform"/>
         <property name="logFolder" value="C:\\Users\\UC276JC\\git\\FinalKatalonTraining\\Reports\\20241003_001911\\TS3_LoginPage\\20241003_001911"/>
         <property name="logFiles" value="C:\\Users\\UC276JC\\git\\FinalKatalonTraining\\Reports\\20241003_001911\\TS3_LoginPage\\20241003_001911\\execution0.log"/>
         <property name="attachments" value=""/>
         <property name="hostName" value="UC276JC - IN3155587W2.ey.net"/>
         <property name="os" value="Windows 10 64bit"/>
         <property name="katalonVersion" value="9.7.2.223"/>
         <property name="browser" value="Edge Chromium 129"/>
         <property name="hostAddress" value="192.168.0.101"/>
         <property name="sessionId" value="e994e483d3bc4e756d6d99955ad471f9"/>
         <property name="seleniumVersion" value="3.141.59"/>
         <property name="proxyInformation" value="ProxyInformation { proxyOption=NO_PROXY, proxyServerType=HTTP, username=, password=********, proxyServerAddress=, proxyServerPort=0, executionList=&quot;&quot;, isApplyToDesiredCapabilities=true }"/>
         <property name="platform" value="Windows 10"/>
      </properties>
      <testcase name="Test Cases/TC3_LoginPage" time="14.535" classname="Test Cases/TC3_LoginPage" status="PASSED">
         <system-out><![CDATA[03-10-2024T00:19:23 - [TEST_CASE][PASSED] - Test Cases/TC3_LoginPage: Test Cases/TC3_LoginPage

03-10-2024T00:19:24 - [TEST_STEP][PASSED] - openBrowser(""): Browser is opened with url: ''

03-10-2024T00:19:25 - [MESSAGE][INFO] - Starting 'Edge Chromium' driver

03-10-2024T00:19:26 - [MESSAGE][INFO] - Action delay is set to 0 milliseconds

03-10-2024T00:19:29 - [MESSAGE][PASSED] - Browser is opened with url: ''

03-10-2024T00:19:29 - [TEST_STEP][PASSED] - navigateToUrl("https://katalon-demo-cura.herokuapp.com/"): Navigate to 'https://katalon-demo-cura.herokuapp.com/' successfully

03-10-2024T00:19:32 - [MESSAGE][PASSED] - Navigate to 'https://katalon-demo-cura.herokuapp.com/' successfully

03-10-2024T00:19:32 - [TEST_STEP][PASSED] - click(findTestObject("Object Repository/TC3_LoginPage_OR/a_CURA Healthcare_menu-toggle")): Object: 'Object Repository/TC3_LoginPage_OR/a_CURA Healthcare_menu-toggle' is clicked on

03-10-2024T00:19:32 - [MESSAGE][PASSED] - Object: 'Object Repository/TC3_LoginPage_OR/a_CURA Healthcare_menu-toggle' is clicked on

03-10-2024T00:19:32 - [TEST_STEP][PASSED] - click(findTestObject("Object Repository/TC3_LoginPage_OR/a_Login")): Object: 'Object Repository/TC3_LoginPage_OR/a_Login' is clicked on

03-10-2024T00:19:33 - [MESSAGE][PASSED] - Object: 'Object Repository/TC3_LoginPage_OR/a_Login' is clicked on

03-10-2024T00:19:33 - [TEST_STEP][PASSED] - click(findTestObject("Object Repository/TC3_LoginPage_OR/a_CURA Healthcare_menu-toggle")): Object: 'Object Repository/TC3_LoginPage_OR/a_CURA Healthcare_menu-toggle' is clicked on

03-10-2024T00:19:34 - [MESSAGE][PASSED] - Object: 'Object Repository/TC3_LoginPage_OR/a_CURA Healthcare_menu-toggle' is clicked on

03-10-2024T00:19:34 - [TEST_STEP][PASSED] - click(findTestObject("Object Repository/TC3_LoginPage_OR/a_Login")): Object: 'Object Repository/TC3_LoginPage_OR/a_Login' is clicked on

03-10-2024T00:19:34 - [MESSAGE][PASSED] - Object: 'Object Repository/TC3_LoginPage_OR/a_Login' is clicked on

03-10-2024T00:19:34 - [TEST_STEP][PASSED] - setText(findTestObject("Object Repository/TC3_LoginPage_OR/input_Username_username"), "John Doe"): Text 'John Doe' is set on object 'Object Repository/TC3_LoginPage_OR/input_Username_username'

03-10-2024T00:19:35 - [MESSAGE][PASSED] - Text 'John Doe' is set on object 'Object Repository/TC3_LoginPage_OR/input_Username_username'

03-10-2024T00:19:35 - [TEST_STEP][PASSED] - setEncryptedText(findTestObject("Object Repository/TC3_LoginPage_OR/input_Password_password"), "g3/DOGG74jC3Flrr3yH+3D/yKbOqqUNM"): Text ****** has been set on object 'Object Repository/TC3_LoginPage_OR/input_Password_password'

03-10-2024T00:19:35 - [MESSAGE][PASSED] - Text ****** has been set on object 'Object Repository/TC3_LoginPage_OR/input_Password_password'

03-10-2024T00:19:35 - [TEST_STEP][PASSED] - click(findTestObject("Object Repository/TC3_LoginPage_OR/button_Login")): Object: 'Object Repository/TC3_LoginPage_OR/button_Login' is clicked on

03-10-2024T00:19:37 - [MESSAGE][PASSED] - Object: 'Object Repository/TC3_LoginPage_OR/button_Login' is clicked on

03-10-2024T00:19:37 - [TEST_STEP][PASSED] - click(findTestObject("Object Repository/TC3_LoginPage_OR/h2_Make Appointment")): Object: 'Object Repository/TC3_LoginPage_OR/h2_Make Appointment' is clicked on

03-10-2024T00:19:37 - [MESSAGE][PASSED] - Object: 'Object Repository/TC3_LoginPage_OR/h2_Make Appointment' is clicked on

03-10-2024T00:19:37 - [TEST_STEP][PASSED] - closeBrowser(): Browser is closed

03-10-2024T00:19:38 - [MESSAGE][PASSED] - Browser is closed]]></system-out>
         <system-err><![CDATA[]]></system-err>
      </testcase>
      <system-out><![CDATA[03-10-2024T00:19:23 - [TEST_SUITE][PASSED] - TS3_LoginPage: Test Cases/TC3_LoginPage]]></system-out>
      <system-err><![CDATA[]]></system-err>
   </testsuite>
</testsuites>
