<?xml version="1.0" encoding="UTF-8"?>
<testsuites name="TS1_LandingPage" time="9.86" tests="1" failures="0" errors="0">
   <testsuite name="TS1_LandingPage" tests="1" failures="0" errors="0" time="9.86" skipped="0" timestamp="30-09-2024T21:48:16" hostname="UC276JC - IN3155587W2.ey.net" id="Test Suites/TS1_LandingPage">
      <properties>
         <property name="deviceName" value=""/>
         <property name="devicePlatform"/>
         <property name="logFolder" value="C:\\Users\\UC276JC\\git\\FinalKatalonTraining\\Reports\\20240930_214809\\TS1_LandingPage\\20240930_214809"/>
         <property name="logFiles" value="C:\\Users\\UC276JC\\git\\FinalKatalonTraining\\Reports\\20240930_214809\\TS1_LandingPage\\20240930_214809\\execution0.log"/>
         <property name="attachments" value=""/>
         <property name="hostName" value="UC276JC - IN3155587W2.ey.net"/>
         <property name="os" value="Windows 10 64bit"/>
         <property name="katalonVersion" value="9.7.2.223"/>
         <property name="browser" value="Edge Chromium 129"/>
         <property name="hostAddress" value="192.168.0.101"/>
         <property name="sessionId" value="8eb546bdf89ef646bc0e1f0634e613a0"/>
         <property name="seleniumVersion" value="3.141.59"/>
         <property name="proxyInformation" value="ProxyInformation { proxyOption=NO_PROXY, proxyServerType=HTTP, username=, password=********, proxyServerAddress=, proxyServerPort=0, executionList=&quot;&quot;, isApplyToDesiredCapabilities=true }"/>
         <property name="platform" value="Windows 10"/>
      </properties>
      <testcase name="Test Cases/TC1_LandingPage" time="9.545" classname="Test Cases/TC1_LandingPage" status="PASSED">
         <system-out><![CDATA[30-09-2024T21:48:16 - [TEST_CASE][PASSED] - Test Cases/TC1_LandingPage: Test Cases/TC1_LandingPage

30-09-2024T21:48:17 - [TEST_STEP][PASSED] - openBrowser(""): Browser is opened with url: ''

30-09-2024T21:48:17 - [MESSAGE][INFO] - Starting 'Edge Chromium' driver

30-09-2024T21:48:18 - [MESSAGE][INFO] - Action delay is set to 0 milliseconds

30-09-2024T21:48:21 - [MESSAGE][PASSED] - Browser is opened with url: ''

30-09-2024T21:48:21 - [TEST_STEP][PASSED] - navigateToUrl("https://katalon-demo-cura.herokuapp.com/"): Navigate to 'https://katalon-demo-cura.herokuapp.com/' successfully

30-09-2024T21:48:25 - [MESSAGE][PASSED] - Navigate to 'https://katalon-demo-cura.herokuapp.com/' successfully

30-09-2024T21:48:25 - [TEST_STEP][PASSED] - click(findTestObject("Object Repository/TC1_LandingPage_OR/Page_CURA Healthcare Service/strong_CURA Healthcare Service")): Object: 'Object Repository/TC1_LandingPage_OR/Page_CURA Healthcare Service/strong_CURA Healthcare Service' is clicked on

30-09-2024T21:48:25 - [MESSAGE][PASSED] - Object: 'Object Repository/TC1_LandingPage_OR/Page_CURA Healthcare Service/strong_CURA Healthcare Service' is clicked on

30-09-2024T21:48:25 - [TEST_STEP][PASSED] - closeBrowser(): Browser is closed

30-09-2024T21:48:26 - [MESSAGE][PASSED] - Browser is closed]]></system-out>
         <system-err><![CDATA[]]></system-err>
      </testcase>
      <system-out><![CDATA[30-09-2024T21:48:16 - [TEST_SUITE][PASSED] - TS1_LandingPage: Test Cases/TC1_LandingPage]]></system-out>
      <system-err><![CDATA[]]></system-err>
   </testsuite>
</testsuites>
