<?xml version="1.0" encoding="UTF-8"?>
<testsuites name="TS10_Medicare" time="47.307" tests="1" failures="0" errors="0">
   <testsuite name="TS10_Medicare" tests="1" failures="0" errors="0" time="47.307" skipped="0" timestamp="03-10-2024T01:14:29" hostname="UC276JC - IN3155587W2.ey.net" id="Test Suites/TS10_Medicare">
      <properties>
         <property name="deviceName" value=""/>
         <property name="devicePlatform"/>
         <property name="logFolder" value="C:\\Users\\UC276JC\\git\\FinalKatalonTraining\\Reports\\20241003_011419\\TS10_Medicare\\20241003_011420"/>
         <property name="logFiles" value="C:\\Users\\UC276JC\\git\\FinalKatalonTraining\\Reports\\20241003_011419\\TS10_Medicare\\20241003_011420\\execution0.log"/>
         <property name="attachments" value=""/>
         <property name="hostName" value="UC276JC - IN3155587W2.ey.net"/>
         <property name="os" value="Windows 10 64bit"/>
         <property name="katalonVersion" value="9.7.2.223"/>
         <property name="browser" value="Edge Chromium 129"/>
         <property name="hostAddress" value="192.168.0.101"/>
         <property name="sessionId" value="6fd789c967dcdd1f933ba3459164e032"/>
         <property name="seleniumVersion" value="3.141.59"/>
         <property name="proxyInformation" value="ProxyInformation { proxyOption=NO_PROXY, proxyServerType=HTTP, username=, password=********, proxyServerAddress=, proxyServerPort=0, executionList=&quot;&quot;, isApplyToDesiredCapabilities=true }"/>
         <property name="platform" value="Windows 10"/>
      </properties>
      <testcase name="Test Cases/TC10_Medicare" time="46.941" classname="Test Cases/TC10_Medicare" status="PASSED">
         <system-out><![CDATA[03-10-2024T01:14:29 - [TEST_CASE][PASSED] - Test Cases/TC10_Medicare: Test Cases/TC10_Medicare

03-10-2024T01:14:30 - [TEST_STEP][PASSED] - callTestCase(findTestCase("TC3_LoginPage"), [:], STOP_ON_FAILURE): Call Test Case 'Test Cases/TC3_LoginPage' successfully

03-10-2024T01:14:30 - [TEST_CASE][PASSED] - Test Cases/TC3_LoginPage: Test Cases/TC3_LoginPage

03-10-2024T01:14:30 - [TEST_STEP][PASSED] - openBrowser(""): Browser is opened with url: ''

03-10-2024T01:14:31 - [MESSAGE][INFO] - Starting 'Edge Chromium' driver

03-10-2024T01:14:34 - [MESSAGE][INFO] - Action delay is set to 0 milliseconds

03-10-2024T01:14:40 - [MESSAGE][PASSED] - Browser is opened with url: ''

03-10-2024T01:14:40 - [TEST_STEP][PASSED] - navigateToUrl("https://katalon-demo-cura.herokuapp.com/"): Navigate to 'https://katalon-demo-cura.herokuapp.com/' successfully

03-10-2024T01:14:45 - [MESSAGE][PASSED] - Navigate to 'https://katalon-demo-cura.herokuapp.com/' successfully

03-10-2024T01:14:45 - [TEST_STEP][PASSED] - click(findTestObject("Object Repository/TC3_LoginPage_OR/a_CURA Healthcare_menu-toggle")): Object: 'Object Repository/TC3_LoginPage_OR/a_CURA Healthcare_menu-toggle' is clicked on

03-10-2024T01:14:47 - [MESSAGE][PASSED] - Object: 'Object Repository/TC3_LoginPage_OR/a_CURA Healthcare_menu-toggle' is clicked on

03-10-2024T01:14:47 - [TEST_STEP][PASSED] - click(findTestObject("Object Repository/TC3_LoginPage_OR/a_Login")): Object: 'Object Repository/TC3_LoginPage_OR/a_Login' is clicked on

03-10-2024T01:14:49 - [MESSAGE][PASSED] - Object: 'Object Repository/TC3_LoginPage_OR/a_Login' is clicked on

03-10-2024T01:14:49 - [TEST_STEP][PASSED] - click(findTestObject("Object Repository/TC3_LoginPage_OR/a_CURA Healthcare_menu-toggle")): Object: 'Object Repository/TC3_LoginPage_OR/a_CURA Healthcare_menu-toggle' is clicked on

03-10-2024T01:14:51 - [MESSAGE][PASSED] - Object: 'Object Repository/TC3_LoginPage_OR/a_CURA Healthcare_menu-toggle' is clicked on

03-10-2024T01:14:51 - [TEST_STEP][PASSED] - click(findTestObject("Object Repository/TC3_LoginPage_OR/a_Login")): Object: 'Object Repository/TC3_LoginPage_OR/a_Login' is clicked on

03-10-2024T01:14:54 - [MESSAGE][PASSED] - Object: 'Object Repository/TC3_LoginPage_OR/a_Login' is clicked on

03-10-2024T01:14:54 - [TEST_STEP][PASSED] - setText(findTestObject("Object Repository/TC3_LoginPage_OR/input_Username_username"), "John Doe"): Text 'John Doe' is set on object 'Object Repository/TC3_LoginPage_OR/input_Username_username'

03-10-2024T01:14:59 - [MESSAGE][PASSED] - Text 'John Doe' is set on object 'Object Repository/TC3_LoginPage_OR/input_Username_username'

03-10-2024T01:14:59 - [TEST_STEP][PASSED] - setEncryptedText(findTestObject("Object Repository/TC3_LoginPage_OR/input_Password_password"), "g3/DOGG74jC3Flrr3yH+3D/yKbOqqUNM"): Text ****** has been set on object 'Object Repository/TC3_LoginPage_OR/input_Password_password'

03-10-2024T01:15:03 - [MESSAGE][PASSED] - Text ****** has been set on object 'Object Repository/TC3_LoginPage_OR/input_Password_password'

03-10-2024T01:15:03 - [TEST_STEP][PASSED] - click(findTestObject("Object Repository/TC3_LoginPage_OR/button_Login")): Object: 'Object Repository/TC3_LoginPage_OR/button_Login' is clicked on

03-10-2024T01:15:07 - [MESSAGE][PASSED] - Object: 'Object Repository/TC3_LoginPage_OR/button_Login' is clicked on

03-10-2024T01:15:07 - [TEST_STEP][PASSED] - click(findTestObject("Object Repository/TC3_LoginPage_OR/h2_Make Appointment")): Object: 'Object Repository/TC3_LoginPage_OR/h2_Make Appointment' is clicked on

03-10-2024T01:15:08 - [MESSAGE][PASSED] - Object: 'Object Repository/TC3_LoginPage_OR/h2_Make Appointment' is clicked on

03-10-2024T01:15:08 - [MESSAGE][PASSED] - Call Test Case 'Test Cases/TC3_LoginPage' successfully

03-10-2024T01:15:08 - [TEST_STEP][PASSED] - click(findTestObject("Object Repository/TC10_Medicare_OR/label_Medicare")): Object: 'Object Repository/TC10_Medicare_OR/label_Medicare' is clicked on

03-10-2024T01:15:09 - [MESSAGE][PASSED] - Object: 'Object Repository/TC10_Medicare_OR/label_Medicare' is clicked on

03-10-2024T01:15:09 - [TEST_STEP][PASSED] - click(findTestObject("Object Repository/TC10_Medicare_OR/input_Apply for hospital readmission_hospit_63901f")): Object: 'Object Repository/TC10_Medicare_OR/input_Apply for hospital readmission_hospit_63901f' is clicked on

03-10-2024T01:15:09 - [MESSAGE][PASSED] - Object: 'Object Repository/TC10_Medicare_OR/input_Apply for hospital readmission_hospit_63901f' is clicked on

03-10-2024T01:15:09 - [TEST_STEP][PASSED] - click(findTestObject("Object Repository/TC10_Medicare_OR/span_Visit Date (Required)_glyphicon glyphi_cada34")): Object: 'Object Repository/TC10_Medicare_OR/span_Visit Date (Required)_glyphicon glyphi_cada34' is clicked on

03-10-2024T01:15:10 - [MESSAGE][PASSED] - Object: 'Object Repository/TC10_Medicare_OR/span_Visit Date (Required)_glyphicon glyphi_cada34' is clicked on

03-10-2024T01:15:10 - [TEST_STEP][PASSED] - click(findTestObject("Object Repository/TC10_Medicare_OR/td_4")): Object: 'Object Repository/TC10_Medicare_OR/td_4' is clicked on

03-10-2024T01:15:11 - [MESSAGE][PASSED] - Object: 'Object Repository/TC10_Medicare_OR/td_4' is clicked on

03-10-2024T01:15:11 - [TEST_STEP][PASSED] - setText(findTestObject("Object Repository/TC10_Medicare_OR/textarea_Comment_comment"), "medicare"): Text 'medicare' is set on object 'Object Repository/TC10_Medicare_OR/textarea_Comment_comment'

03-10-2024T01:15:12 - [MESSAGE][PASSED] - Text 'medicare' is set on object 'Object Repository/TC10_Medicare_OR/textarea_Comment_comment'

03-10-2024T01:15:12 - [TEST_STEP][PASSED] - closeBrowser(): Browser is closed

03-10-2024T01:15:16 - [MESSAGE][PASSED] - Browser is closed]]></system-out>
         <system-err><![CDATA[]]></system-err>
      </testcase>
      <system-out><![CDATA[03-10-2024T01:14:29 - [TEST_SUITE][PASSED] - TS10_Medicare: Test Cases/TC10_Medicare]]></system-out>
      <system-err><![CDATA[]]></system-err>
   </testsuite>
</testsuites>
