<?xml version="1.0" encoding="UTF-8"?>
<testsuites name="TS11_Medicaid" time="18.126" tests="1" failures="0" errors="0">
   <testsuite name="TS11_Medicaid" tests="1" failures="0" errors="0" time="18.126" skipped="0" timestamp="03-10-2024T01:52:05" hostname="UC276JC - IN3155587W2.ey.net" id="Test Suites/TS11_Medicaid">
      <properties>
         <property name="deviceName" value=""/>
         <property name="devicePlatform"/>
         <property name="logFolder" value="C:\\Users\\UC276JC\\git\\FinalKatalonTraining\\Reports\\20241003_015158\\TS11_Medicaid\\20241003_015158"/>
         <property name="logFiles" value="C:\\Users\\UC276JC\\git\\FinalKatalonTraining\\Reports\\20241003_015158\\TS11_Medicaid\\20241003_015158\\execution0.log"/>
         <property name="attachments" value=""/>
         <property name="hostName" value="UC276JC - IN3155587W2.ey.net"/>
         <property name="os" value="Windows 10 64bit"/>
         <property name="katalonVersion" value="9.7.2.223"/>
         <property name="browser" value="Edge Chromium 129"/>
         <property name="hostAddress" value="192.168.0.101"/>
         <property name="sessionId" value="8c421cce037131abdba2d25c866c0f12"/>
         <property name="seleniumVersion" value="3.141.59"/>
         <property name="proxyInformation" value="ProxyInformation { proxyOption=NO_PROXY, proxyServerType=HTTP, username=, password=********, proxyServerAddress=, proxyServerPort=0, executionList=&quot;&quot;, isApplyToDesiredCapabilities=true }"/>
         <property name="platform" value="Windows 10"/>
      </properties>
      <testcase name="Test Cases/TC11_Medicaid" time="17.802" classname="Test Cases/TC11_Medicaid" status="PASSED">
         <system-out><![CDATA[03-10-2024T01:52:05 - [TEST_CASE][PASSED] - Test Cases/TC11_Medicaid: Test Cases/TC11_Medicaid

03-10-2024T01:52:06 - [TEST_STEP][PASSED] - callTestCase(findTestCase("TC3_LoginPage"), [:], STOP_ON_FAILURE): Call Test Case 'Test Cases/TC3_LoginPage' successfully

03-10-2024T01:52:06 - [TEST_CASE][PASSED] - Test Cases/TC3_LoginPage: Test Cases/TC3_LoginPage

03-10-2024T01:52:06 - [TEST_STEP][PASSED] - openBrowser(""): Browser is opened with url: ''

03-10-2024T01:52:07 - [MESSAGE][INFO] - Starting 'Edge Chromium' driver

03-10-2024T01:52:09 - [MESSAGE][INFO] - Action delay is set to 0 milliseconds

03-10-2024T01:52:11 - [MESSAGE][PASSED] - Browser is opened with url: ''

03-10-2024T01:52:11 - [TEST_STEP][PASSED] - navigateToUrl("https://katalon-demo-cura.herokuapp.com/"): Navigate to 'https://katalon-demo-cura.herokuapp.com/' successfully

03-10-2024T01:52:15 - [MESSAGE][PASSED] - Navigate to 'https://katalon-demo-cura.herokuapp.com/' successfully

03-10-2024T01:52:15 - [TEST_STEP][PASSED] - click(findTestObject("Object Repository/TC3_LoginPage_OR/a_CURA Healthcare_menu-toggle")): Object: 'Object Repository/TC3_LoginPage_OR/a_CURA Healthcare_menu-toggle' is clicked on

03-10-2024T01:52:16 - [MESSAGE][PASSED] - Object: 'Object Repository/TC3_LoginPage_OR/a_CURA Healthcare_menu-toggle' is clicked on

03-10-2024T01:52:16 - [TEST_STEP][PASSED] - click(findTestObject("Object Repository/TC3_LoginPage_OR/a_Login")): Object: 'Object Repository/TC3_LoginPage_OR/a_Login' is clicked on

03-10-2024T01:52:16 - [MESSAGE][PASSED] - Object: 'Object Repository/TC3_LoginPage_OR/a_Login' is clicked on

03-10-2024T01:52:16 - [TEST_STEP][PASSED] - click(findTestObject("Object Repository/TC3_LoginPage_OR/a_CURA Healthcare_menu-toggle")): Object: 'Object Repository/TC3_LoginPage_OR/a_CURA Healthcare_menu-toggle' is clicked on

03-10-2024T01:52:17 - [MESSAGE][PASSED] - Object: 'Object Repository/TC3_LoginPage_OR/a_CURA Healthcare_menu-toggle' is clicked on

03-10-2024T01:52:17 - [TEST_STEP][PASSED] - click(findTestObject("Object Repository/TC3_LoginPage_OR/a_Login")): Object: 'Object Repository/TC3_LoginPage_OR/a_Login' is clicked on

03-10-2024T01:52:17 - [MESSAGE][PASSED] - Object: 'Object Repository/TC3_LoginPage_OR/a_Login' is clicked on

03-10-2024T01:52:17 - [TEST_STEP][PASSED] - setText(findTestObject("Object Repository/TC3_LoginPage_OR/input_Username_username"), "John Doe"): Text 'John Doe' is set on object 'Object Repository/TC3_LoginPage_OR/input_Username_username'

03-10-2024T01:52:18 - [MESSAGE][PASSED] - Text 'John Doe' is set on object 'Object Repository/TC3_LoginPage_OR/input_Username_username'

03-10-2024T01:52:18 - [TEST_STEP][PASSED] - setEncryptedText(findTestObject("Object Repository/TC3_LoginPage_OR/input_Password_password"), "g3/DOGG74jC3Flrr3yH+3D/yKbOqqUNM"): Text ****** has been set on object 'Object Repository/TC3_LoginPage_OR/input_Password_password'

03-10-2024T01:52:18 - [MESSAGE][PASSED] - Text ****** has been set on object 'Object Repository/TC3_LoginPage_OR/input_Password_password'

03-10-2024T01:52:18 - [TEST_STEP][PASSED] - click(findTestObject("Object Repository/TC3_LoginPage_OR/button_Login")): Object: 'Object Repository/TC3_LoginPage_OR/button_Login' is clicked on

03-10-2024T01:52:20 - [MESSAGE][PASSED] - Object: 'Object Repository/TC3_LoginPage_OR/button_Login' is clicked on

03-10-2024T01:52:20 - [TEST_STEP][PASSED] - click(findTestObject("Object Repository/TC3_LoginPage_OR/h2_Make Appointment")): Object: 'Object Repository/TC3_LoginPage_OR/h2_Make Appointment' is clicked on

03-10-2024T01:52:20 - [MESSAGE][PASSED] - Object: 'Object Repository/TC3_LoginPage_OR/h2_Make Appointment' is clicked on

03-10-2024T01:52:20 - [MESSAGE][PASSED] - Call Test Case 'Test Cases/TC3_LoginPage' successfully

03-10-2024T01:52:20 - [TEST_STEP][PASSED] - click(findTestObject("Object Repository/TC11_Medicaid_OR/input_Medicaid_programs")): Object: 'Object Repository/TC11_Medicaid_OR/input_Medicaid_programs' is clicked on

03-10-2024T01:52:20 - [MESSAGE][PASSED] - Object: 'Object Repository/TC11_Medicaid_OR/input_Medicaid_programs' is clicked on

03-10-2024T01:52:20 - [TEST_STEP][PASSED] - click(findTestObject("Object Repository/TC11_Medicaid_OR/label_Apply for hospital readmission")): Object: 'Object Repository/TC11_Medicaid_OR/label_Apply for hospital readmission' is clicked on

03-10-2024T01:52:21 - [MESSAGE][PASSED] - Object: 'Object Repository/TC11_Medicaid_OR/label_Apply for hospital readmission' is clicked on

03-10-2024T01:52:21 - [TEST_STEP][PASSED] - click(findTestObject("Object Repository/TC11_Medicaid_OR/span_Visit Date (Required)_glyphicon glyphi_cada34")): Object: 'Object Repository/TC11_Medicaid_OR/span_Visit Date (Required)_glyphicon glyphi_cada34' is clicked on

03-10-2024T01:52:21 - [MESSAGE][PASSED] - Object: 'Object Repository/TC11_Medicaid_OR/span_Visit Date (Required)_glyphicon glyphi_cada34' is clicked on

03-10-2024T01:52:21 - [TEST_STEP][PASSED] - click(findTestObject("Object Repository/TC11_Medicaid_OR/td_31")): Object: 'Object Repository/TC11_Medicaid_OR/td_31' is clicked on

03-10-2024T01:52:22 - [MESSAGE][PASSED] - Object: 'Object Repository/TC11_Medicaid_OR/td_31' is clicked on

03-10-2024T01:52:22 - [TEST_STEP][PASSED] - setText(findTestObject("Object Repository/TC11_Medicaid_OR/textarea_Comment_comment"), "Medicaid"): Text 'Medicaid' is set on object 'Object Repository/TC11_Medicaid_OR/textarea_Comment_comment'

03-10-2024T01:52:22 - [MESSAGE][PASSED] - Text 'Medicaid' is set on object 'Object Repository/TC11_Medicaid_OR/textarea_Comment_comment'

03-10-2024T01:52:22 - [TEST_STEP][PASSED] - closeBrowser(): Browser is closed

03-10-2024T01:52:23 - [MESSAGE][PASSED] - Browser is closed]]></system-out>
         <system-err><![CDATA[]]></system-err>
      </testcase>
      <system-out><![CDATA[03-10-2024T01:52:05 - [TEST_SUITE][PASSED] - TS11_Medicaid: Test Cases/TC11_Medicaid]]></system-out>
      <system-err><![CDATA[]]></system-err>
   </testsuite>
</testsuites>
