<?xml version="1.0" encoding="UTF-8"?>
<testsuites name="TS5_HistoryPage" time="18.167" tests="1" failures="0" errors="0">
   <testsuite name="TS5_HistoryPage" tests="1" failures="0" errors="0" time="18.167" skipped="0" timestamp="03-10-2024T01:30:51" hostname="UC276JC - IN3155587W2.ey.net" id="Test Suites/TS5_HistoryPage">
      <properties>
         <property name="deviceName" value=""/>
         <property name="devicePlatform"/>
         <property name="logFolder" value="C:\\Users\\UC276JC\\git\\FinalKatalonTraining\\Reports\\20241003_013045\\TS5_HistoryPage\\20241003_013045"/>
         <property name="logFiles" value="C:\\Users\\UC276JC\\git\\FinalKatalonTraining\\Reports\\20241003_013045\\TS5_HistoryPage\\20241003_013045\\execution0.log"/>
         <property name="attachments" value=""/>
         <property name="hostName" value="UC276JC - IN3155587W2.ey.net"/>
         <property name="os" value="Windows 10 64bit"/>
         <property name="katalonVersion" value="9.7.2.223"/>
         <property name="browser" value="Edge Chromium 129"/>
         <property name="hostAddress" value="192.168.0.101"/>
         <property name="sessionId" value="81d426293bc572f89ac082cccd369213"/>
         <property name="seleniumVersion" value="3.141.59"/>
         <property name="proxyInformation" value="ProxyInformation { proxyOption=NO_PROXY, proxyServerType=HTTP, username=, password=********, proxyServerAddress=, proxyServerPort=0, executionList=&quot;&quot;, isApplyToDesiredCapabilities=true }"/>
         <property name="platform" value="Windows 10"/>
      </properties>
      <testcase name="Test Cases/TC5_HistoryPage" time="17.822" classname="Test Cases/TC5_HistoryPage" status="PASSED">
         <system-out><![CDATA[03-10-2024T01:30:51 - [TEST_CASE][PASSED] - Test Cases/TC5_HistoryPage: Test Cases/TC5_HistoryPage

03-10-2024T01:30:52 - [TEST_STEP][PASSED] - openBrowser(""): Browser is opened with url: ''

03-10-2024T01:30:53 - [MESSAGE][INFO] - Starting 'Edge Chromium' driver

03-10-2024T01:30:55 - [MESSAGE][INFO] - Action delay is set to 0 milliseconds

03-10-2024T01:30:58 - [MESSAGE][PASSED] - Browser is opened with url: ''

03-10-2024T01:30:58 - [TEST_STEP][PASSED] - navigateToUrl("https://katalon-demo-cura.herokuapp.com/"): Navigate to 'https://katalon-demo-cura.herokuapp.com/' successfully

03-10-2024T01:31:02 - [MESSAGE][PASSED] - Navigate to 'https://katalon-demo-cura.herokuapp.com/' successfully

03-10-2024T01:31:02 - [TEST_STEP][PASSED] - click(findTestObject("Object Repository/TC5_HistoryPage_OR/a_CURA Healthcare_menu-toggle")): Object: 'Object Repository/TC5_HistoryPage_OR/a_CURA Healthcare_menu-toggle' is clicked on

03-10-2024T01:31:03 - [MESSAGE][PASSED] - Object: 'Object Repository/TC5_HistoryPage_OR/a_CURA Healthcare_menu-toggle' is clicked on

03-10-2024T01:31:03 - [TEST_STEP][PASSED] - click(findTestObject("Object Repository/TC5_HistoryPage_OR/a_Login")): Object: 'Object Repository/TC5_HistoryPage_OR/a_Login' is clicked on

03-10-2024T01:31:03 - [MESSAGE][PASSED] - Object: 'Object Repository/TC5_HistoryPage_OR/a_Login' is clicked on

03-10-2024T01:31:03 - [TEST_STEP][PASSED] - click(findTestObject("Object Repository/TC5_HistoryPage_OR/span_Demo account_glyphicon glyphicon-user")): Object: 'Object Repository/TC5_HistoryPage_OR/span_Demo account_glyphicon glyphicon-user' is clicked on

03-10-2024T01:31:04 - [MESSAGE][PASSED] - Object: 'Object Repository/TC5_HistoryPage_OR/span_Demo account_glyphicon glyphicon-user' is clicked on

03-10-2024T01:31:04 - [TEST_STEP][PASSED] - setText(findTestObject("Object Repository/TC5_HistoryPage_OR/input_Username_username"), "John Doe"): Text 'John Doe' is set on object 'Object Repository/TC5_HistoryPage_OR/input_Username_username'

03-10-2024T01:31:05 - [MESSAGE][PASSED] - Text 'John Doe' is set on object 'Object Repository/TC5_HistoryPage_OR/input_Username_username'

03-10-2024T01:31:05 - [TEST_STEP][PASSED] - setText(findTestObject("Object Repository/TC5_HistoryPage_OR/input_Demo account_form-control"), "ThisIsNotAPassword"): Text 'ThisIsNotAPassword' is set on object 'Object Repository/TC5_HistoryPage_OR/input_Demo account_form-control'

03-10-2024T01:31:05 - [MESSAGE][PASSED] - Text 'ThisIsNotAPassword' is set on object 'Object Repository/TC5_HistoryPage_OR/input_Demo account_form-control'

03-10-2024T01:31:05 - [TEST_STEP][PASSED] - click(findTestObject("Object Repository/TC5_HistoryPage_OR/input_Demo account_form-control")): Object: 'Object Repository/TC5_HistoryPage_OR/input_Demo account_form-control' is clicked on

03-10-2024T01:31:06 - [MESSAGE][PASSED] - Object: 'Object Repository/TC5_HistoryPage_OR/input_Demo account_form-control' is clicked on

03-10-2024T01:31:06 - [TEST_STEP][PASSED] - setEncryptedText(findTestObject("Object Repository/TC5_HistoryPage_OR/input_Password_password"), "g3/DOGG74jC3Flrr3yH+3D/yKbOqqUNM"): Text ****** has been set on object 'Object Repository/TC5_HistoryPage_OR/input_Password_password'

03-10-2024T01:31:06 - [MESSAGE][PASSED] - Text ****** has been set on object 'Object Repository/TC5_HistoryPage_OR/input_Password_password'

03-10-2024T01:31:06 - [TEST_STEP][PASSED] - click(findTestObject("Object Repository/TC5_HistoryPage_OR/button_Login")): Object: 'Object Repository/TC5_HistoryPage_OR/button_Login' is clicked on

03-10-2024T01:31:07 - [MESSAGE][PASSED] - Object: 'Object Repository/TC5_HistoryPage_OR/button_Login' is clicked on

03-10-2024T01:31:07 - [TEST_STEP][PASSED] - click(findTestObject("Object Repository/TC5_HistoryPage_OR/a_CURA Healthcare_menu-toggle")): Object: 'Object Repository/TC5_HistoryPage_OR/a_CURA Healthcare_menu-toggle' is clicked on

03-10-2024T01:31:08 - [MESSAGE][PASSED] - Object: 'Object Repository/TC5_HistoryPage_OR/a_CURA Healthcare_menu-toggle' is clicked on

03-10-2024T01:31:08 - [TEST_STEP][PASSED] - click(findTestObject("Object Repository/TC5_HistoryPage_OR/a_History")): Object: 'Object Repository/TC5_HistoryPage_OR/a_History' is clicked on

03-10-2024T01:31:08 - [MESSAGE][PASSED] - Object: 'Object Repository/TC5_HistoryPage_OR/a_History' is clicked on

03-10-2024T01:31:08 - [TEST_STEP][PASSED] - verifyElementPresent(findTestObject("Object Repository/TC5_HistoryPage_OR/h2_History"), 0): Object 'Object Repository/TC5_HistoryPage_OR/h2_History' is present

03-10-2024T01:31:08 - [MESSAGE][WARNING] - Timeout '0' is invalid. Using default page load timeout: '30'

03-10-2024T01:31:09 - [MESSAGE][PASSED] - Object 'Object Repository/TC5_HistoryPage_OR/h2_History' is present

03-10-2024T01:31:09 - [TEST_STEP][PASSED] - closeBrowser(): Browser is closed

03-10-2024T01:31:09 - [MESSAGE][PASSED] - Browser is closed]]></system-out>
         <system-err><![CDATA[]]></system-err>
      </testcase>
      <system-out><![CDATA[03-10-2024T01:30:51 - [TEST_SUITE][PASSED] - TS5_HistoryPage: Test Cases/TC5_HistoryPage]]></system-out>
      <system-err><![CDATA[]]></system-err>
   </testsuite>
</testsuites>
