<?xml version="1.0" encoding="UTF-8"?>
<testsuites name="TS15_CURA_Healthcare" time="13.219" tests="1" failures="0" errors="0">
   <testsuite name="TS15_CURA_Healthcare" tests="1" failures="0" errors="0" time="13.219" skipped="0" timestamp="03-10-2024T01:24:45" hostname="UC276JC - IN3155587W2.ey.net" id="Test Suites/TS15_CURA_Healthcare">
      <properties>
         <property name="deviceName" value=""/>
         <property name="devicePlatform"/>
         <property name="logFolder" value="C:\\Users\\UC276JC\\git\\FinalKatalonTraining\\Reports\\20241003_012438\\TS15_CURA_Healthcare\\20241003_012438"/>
         <property name="logFiles" value="C:\\Users\\UC276JC\\git\\FinalKatalonTraining\\Reports\\20241003_012438\\TS15_CURA_Healthcare\\20241003_012438\\execution0.log"/>
         <property name="attachments" value=""/>
         <property name="hostName" value="UC276JC - IN3155587W2.ey.net"/>
         <property name="os" value="Windows 10 64bit"/>
         <property name="katalonVersion" value="9.7.2.223"/>
         <property name="browser" value="Edge Chromium 129"/>
         <property name="hostAddress" value="192.168.0.101"/>
         <property name="sessionId" value="e43140cc80b19a6061d0d6e33c3d3263"/>
         <property name="seleniumVersion" value="3.141.59"/>
         <property name="proxyInformation" value="ProxyInformation { proxyOption=NO_PROXY, proxyServerType=HTTP, username=, password=********, proxyServerAddress=, proxyServerPort=0, executionList=&quot;&quot;, isApplyToDesiredCapabilities=true }"/>
         <property name="platform" value="Windows 10"/>
      </properties>
      <testcase name="Test Cases/TC15_CURA_Healthcare" time="12.879" classname="Test Cases/TC15_CURA_Healthcare" status="PASSED">
         <system-out><![CDATA[03-10-2024T01:24:45 - [TEST_CASE][PASSED] - Test Cases/TC15_CURA_Healthcare: Test Cases/TC15_CURA_Healthcare

03-10-2024T01:24:46 - [TEST_STEP][PASSED] - openBrowser(""): Browser is opened with url: ''

03-10-2024T01:24:46 - [MESSAGE][INFO] - Starting 'Edge Chromium' driver

03-10-2024T01:24:49 - [MESSAGE][INFO] - Action delay is set to 0 milliseconds

03-10-2024T01:24:52 - [MESSAGE][PASSED] - Browser is opened with url: ''

03-10-2024T01:24:52 - [TEST_STEP][PASSED] - navigateToUrl("https://katalon-demo-cura.herokuapp.com/"): Navigate to 'https://katalon-demo-cura.herokuapp.com/' successfully

03-10-2024T01:24:55 - [MESSAGE][PASSED] - Navigate to 'https://katalon-demo-cura.herokuapp.com/' successfully

03-10-2024T01:24:55 - [TEST_STEP][PASSED] - click(findTestObject("Object Repository/TC15_CURA_Healthcare_OR/h4_CURA Healthcare Service")): Object: 'Object Repository/TC15_CURA_Healthcare_OR/h4_CURA Healthcare Service' is clicked on

03-10-2024T01:24:56 - [MESSAGE][PASSED] - Object: 'Object Repository/TC15_CURA_Healthcare_OR/h4_CURA Healthcare Service' is clicked on

03-10-2024T01:24:56 - [TEST_STEP][PASSED] - verifyElementPresent(findTestObject("Object Repository/TC15_CURA_Healthcare_OR/strong_CURA Healthcare Service"), 0): Object 'Object Repository/TC15_CURA_Healthcare_OR/strong_CURA Healthcare Service' is present

03-10-2024T01:24:56 - [MESSAGE][WARNING] - Timeout '0' is invalid. Using default page load timeout: '30'

03-10-2024T01:24:56 - [MESSAGE][PASSED] - Object 'Object Repository/TC15_CURA_Healthcare_OR/strong_CURA Healthcare Service' is present

03-10-2024T01:24:56 - [TEST_STEP][PASSED] - click(findTestObject("Object Repository/TC15_CURA_Healthcare_OR/h1_CURA Healthcare Service")): Object: 'Object Repository/TC15_CURA_Healthcare_OR/h1_CURA Healthcare Service' is clicked on

03-10-2024T01:24:57 - [MESSAGE][PASSED] - Object: 'Object Repository/TC15_CURA_Healthcare_OR/h1_CURA Healthcare Service' is clicked on

03-10-2024T01:24:57 - [TEST_STEP][PASSED] - verifyElementPresent(findTestObject("Object Repository/TC15_CURA_Healthcare_OR/h1_CURA Healthcare Service"), 0): Object 'Object Repository/TC15_CURA_Healthcare_OR/h1_CURA Healthcare Service' is present

03-10-2024T01:24:57 - [MESSAGE][WARNING] - Timeout '0' is invalid. Using default page load timeout: '30'

03-10-2024T01:24:57 - [MESSAGE][PASSED] - Object 'Object Repository/TC15_CURA_Healthcare_OR/h1_CURA Healthcare Service' is present

03-10-2024T01:24:57 - [TEST_STEP][PASSED] - verifyElementPresent(findTestObject("Object Repository/TC15_CURA_Healthcare_OR/h3_We Care About Your Health"), 0): Object 'Object Repository/TC15_CURA_Healthcare_OR/h3_We Care About Your Health' is present

03-10-2024T01:24:57 - [MESSAGE][WARNING] - Timeout '0' is invalid. Using default page load timeout: '30'

03-10-2024T01:24:58 - [MESSAGE][PASSED] - Object 'Object Repository/TC15_CURA_Healthcare_OR/h3_We Care About Your Health' is present

03-10-2024T01:24:58 - [TEST_STEP][PASSED] - verifyElementPresent(findTestObject("Object Repository/TC15_CURA_Healthcare_OR/a_Make Appointment"), 0): Object 'Object Repository/TC15_CURA_Healthcare_OR/a_Make Appointment' is present

03-10-2024T01:24:58 - [MESSAGE][WARNING] - Timeout '0' is invalid. Using default page load timeout: '30'

03-10-2024T01:24:58 - [MESSAGE][PASSED] - Object 'Object Repository/TC15_CURA_Healthcare_OR/a_Make Appointment' is present]]></system-out>
         <system-err><![CDATA[]]></system-err>
      </testcase>
      <system-out><![CDATA[03-10-2024T01:24:45 - [TEST_SUITE][PASSED] - TS15_CURA_Healthcare: Test Cases/TC15_CURA_Healthcare]]></system-out>
      <system-err><![CDATA[]]></system-err>
   </testsuite>
</testsuites>
