<?xml version="1.0" encoding="UTF-8"?>
<testsuites name="TS13_BookAppt" time="28.317" tests="1" failures="0" errors="0">
   <testsuite name="TS13_BookAppt" tests="1" failures="0" errors="0" time="28.317" skipped="0" timestamp="03-10-2024T01:19:58" hostname="UC276JC - IN3155587W2.ey.net" id="Test Suites/TS13_BookAppt">
      <properties>
         <property name="deviceName" value=""/>
         <property name="devicePlatform"/>
         <property name="logFolder" value="C:\\Users\\UC276JC\\git\\FinalKatalonTraining\\Reports\\20241003_011949\\TS13_BookAppt\\20241003_011950"/>
         <property name="logFiles" value="C:\\Users\\UC276JC\\git\\FinalKatalonTraining\\Reports\\20241003_011949\\TS13_BookAppt\\20241003_011950\\execution0.log"/>
         <property name="attachments" value=""/>
         <property name="hostName" value="UC276JC - IN3155587W2.ey.net"/>
         <property name="os" value="Windows 10 64bit"/>
         <property name="katalonVersion" value="9.7.2.223"/>
         <property name="browser" value="Edge Chromium 129"/>
         <property name="hostAddress" value="192.168.0.101"/>
         <property name="sessionId" value="f6c6d960e15264cc8d3b3ac79ea397f9"/>
         <property name="seleniumVersion" value="3.141.59"/>
         <property name="proxyInformation" value="ProxyInformation { proxyOption=NO_PROXY, proxyServerType=HTTP, username=, password=********, proxyServerAddress=, proxyServerPort=0, executionList=&quot;&quot;, isApplyToDesiredCapabilities=true }"/>
         <property name="platform" value="Windows 10"/>
      </properties>
      <testcase name="Test Cases/TC13_BookAppt" time="27.909" classname="Test Cases/TC13_BookAppt" status="PASSED">
         <system-out><![CDATA[03-10-2024T01:19:58 - [TEST_CASE][PASSED] - Test Cases/TC13_BookAppt: Test Cases/TC13_BookAppt

03-10-2024T01:19:59 - [TEST_STEP][PASSED] - callTestCase(findTestCase("TC7_MakeApptTokyoPage"), [:], STOP_ON_FAILURE): Call Test Case 'Test Cases/TC7_MakeApptTokyoPage' successfully

03-10-2024T01:19:59 - [TEST_CASE][PASSED] - Test Cases/TC7_MakeApptTokyoPage: Test Cases/TC7_MakeApptTokyoPage

03-10-2024T01:20:00 - [TEST_STEP][PASSED] - openBrowser(""): Browser is opened with url: ''

03-10-2024T01:20:00 - [MESSAGE][INFO] - Starting 'Edge Chromium' driver

03-10-2024T01:20:04 - [MESSAGE][INFO] - Action delay is set to 0 milliseconds

03-10-2024T01:20:10 - [MESSAGE][PASSED] - Browser is opened with url: ''

03-10-2024T01:20:10 - [TEST_STEP][PASSED] - navigateToUrl("https://katalon-demo-cura.herokuapp.com/"): Navigate to 'https://katalon-demo-cura.herokuapp.com/' successfully

03-10-2024T01:20:14 - [MESSAGE][PASSED] - Navigate to 'https://katalon-demo-cura.herokuapp.com/' successfully

03-10-2024T01:20:14 - [TEST_STEP][PASSED] - click(findTestObject("Object Repository/TC7_MakeApptTokyoPage_OR/i_CURA Healthcare_fa fa-bars")): Object: 'Object Repository/TC7_MakeApptTokyoPage_OR/i_CURA Healthcare_fa fa-bars' is clicked on

03-10-2024T01:20:15 - [MESSAGE][PASSED] - Object: 'Object Repository/TC7_MakeApptTokyoPage_OR/i_CURA Healthcare_fa fa-bars' is clicked on

03-10-2024T01:20:15 - [TEST_STEP][PASSED] - click(findTestObject("Object Repository/TC7_MakeApptTokyoPage_OR/a_Login")): Object: 'Object Repository/TC7_MakeApptTokyoPage_OR/a_Login' is clicked on

03-10-2024T01:20:16 - [MESSAGE][PASSED] - Object: 'Object Repository/TC7_MakeApptTokyoPage_OR/a_Login' is clicked on

03-10-2024T01:20:16 - [TEST_STEP][PASSED] - click(findTestObject("Object Repository/TC7_MakeApptTokyoPage_OR/input_Demo account_form-control")): Object: 'Object Repository/TC7_MakeApptTokyoPage_OR/input_Demo account_form-control' is clicked on

03-10-2024T01:20:17 - [MESSAGE][PASSED] - Object: 'Object Repository/TC7_MakeApptTokyoPage_OR/input_Demo account_form-control' is clicked on

03-10-2024T01:20:17 - [TEST_STEP][PASSED] - setText(findTestObject("Object Repository/TC7_MakeApptTokyoPage_OR/input_Username_username"), "John Doe"): Text 'John Doe' is set on object 'Object Repository/TC7_MakeApptTokyoPage_OR/input_Username_username'

03-10-2024T01:20:18 - [MESSAGE][PASSED] - Text 'John Doe' is set on object 'Object Repository/TC7_MakeApptTokyoPage_OR/input_Username_username'

03-10-2024T01:20:18 - [TEST_STEP][PASSED] - setText(findTestObject("Object Repository/TC7_MakeApptTokyoPage_OR/input_Demo account_form-control_1"), "ThisIsNotAPassword"): Text 'ThisIsNotAPassword' is set on object 'Object Repository/TC7_MakeApptTokyoPage_OR/input_Demo account_form-control_1'

03-10-2024T01:20:19 - [MESSAGE][PASSED] - Text 'ThisIsNotAPassword' is set on object 'Object Repository/TC7_MakeApptTokyoPage_OR/input_Demo account_form-control_1'

03-10-2024T01:20:19 - [TEST_STEP][PASSED] - click(findTestObject("Object Repository/TC7_MakeApptTokyoPage_OR/input_Demo account_form-control_1")): Object: 'Object Repository/TC7_MakeApptTokyoPage_OR/input_Demo account_form-control_1' is clicked on

03-10-2024T01:20:20 - [MESSAGE][PASSED] - Object: 'Object Repository/TC7_MakeApptTokyoPage_OR/input_Demo account_form-control_1' is clicked on

03-10-2024T01:20:20 - [TEST_STEP][PASSED] - setEncryptedText(findTestObject("Object Repository/TC7_MakeApptTokyoPage_OR/input_Password_password"), "g3/DOGG74jC3Flrr3yH+3D/yKbOqqUNM"): Text ****** has been set on object 'Object Repository/TC7_MakeApptTokyoPage_OR/input_Password_password'

03-10-2024T01:20:20 - [MESSAGE][PASSED] - Text ****** has been set on object 'Object Repository/TC7_MakeApptTokyoPage_OR/input_Password_password'

03-10-2024T01:20:20 - [TEST_STEP][PASSED] - click(findTestObject("Object Repository/TC7_MakeApptTokyoPage_OR/button_Login")): Object: 'Object Repository/TC7_MakeApptTokyoPage_OR/button_Login' is clicked on

03-10-2024T01:20:21 - [MESSAGE][PASSED] - Object: 'Object Repository/TC7_MakeApptTokyoPage_OR/button_Login' is clicked on

03-10-2024T01:20:21 - [TEST_STEP][PASSED] - click(findTestObject("Object Repository/TC7_MakeApptTokyoPage_OR/label_Apply for hospital readmission")): Object: 'Object Repository/TC7_MakeApptTokyoPage_OR/label_Apply for hospital readmission' is clicked on

03-10-2024T01:20:22 - [MESSAGE][PASSED] - Object: 'Object Repository/TC7_MakeApptTokyoPage_OR/label_Apply for hospital readmission' is clicked on

03-10-2024T01:20:22 - [TEST_STEP][PASSED] - click(findTestObject("Object Repository/TC7_MakeApptTokyoPage_OR/span_Visit Date (Required)_glyphicon glyphi_cada34")): Object: 'Object Repository/TC7_MakeApptTokyoPage_OR/span_Visit Date (Required)_glyphicon glyphi_cada34' is clicked on

03-10-2024T01:20:22 - [MESSAGE][PASSED] - Object: 'Object Repository/TC7_MakeApptTokyoPage_OR/span_Visit Date (Required)_glyphicon glyphi_cada34' is clicked on

03-10-2024T01:20:22 - [TEST_STEP][PASSED] - click(findTestObject("Object Repository/TC7_MakeApptTokyoPage_OR/td_24")): Object: 'Object Repository/TC7_MakeApptTokyoPage_OR/td_24' is clicked on

03-10-2024T01:20:23 - [MESSAGE][PASSED] - Object: 'Object Repository/TC7_MakeApptTokyoPage_OR/td_24' is clicked on

03-10-2024T01:20:23 - [TEST_STEP][PASSED] - setText(findTestObject("Object Repository/TC7_MakeApptTokyoPage_OR/textarea_Comment_comment"), "Tokyo appointment"): Text 'Tokyo appointment' is set on object 'Object Repository/TC7_MakeApptTokyoPage_OR/textarea_Comment_comment'

03-10-2024T01:20:24 - [MESSAGE][PASSED] - Text 'Tokyo appointment' is set on object 'Object Repository/TC7_MakeApptTokyoPage_OR/textarea_Comment_comment'

03-10-2024T01:20:24 - [TEST_STEP][PASSED] - click(findTestObject("Object Repository/TC7_MakeApptTokyoPage_OR/div_Comment")): Object: 'Object Repository/TC7_MakeApptTokyoPage_OR/div_Comment' is clicked on

03-10-2024T01:20:24 - [MESSAGE][PASSED] - Object: 'Object Repository/TC7_MakeApptTokyoPage_OR/div_Comment' is clicked on

03-10-2024T01:20:24 - [TEST_STEP][PASSED] - click(findTestObject("Object Repository/TC7_MakeApptTokyoPage_OR/h2_Make Appointment")): Object: 'Object Repository/TC7_MakeApptTokyoPage_OR/h2_Make Appointment' is clicked on

03-10-2024T01:20:24 - [MESSAGE][PASSED] - Object: 'Object Repository/TC7_MakeApptTokyoPage_OR/h2_Make Appointment' is clicked on

03-10-2024T01:20:24 - [TEST_STEP][PASSED] - verifyElementText(findTestObject("Object Repository/TC7_MakeApptTokyoPage_OR/h2_Make Appointment"), "Make Appointment"): Actual text and expected text of test object 'Object Repository/TC7_MakeApptTokyoPage_OR/h2_Make Appointment' are matched.

03-10-2024T01:20:25 - [MESSAGE][PASSED] - Actual text and expected text of test object 'Object Repository/TC7_MakeApptTokyoPage_OR/h2_Make Appointment' are matched.

03-10-2024T01:20:25 - [MESSAGE][PASSED] - Call Test Case 'Test Cases/TC7_MakeApptTokyoPage' successfully

03-10-2024T01:20:25 - [TEST_STEP][PASSED] - click(findTestObject("Object Repository/TC13_BookAppt_OR/button_Book Appointment")): Object: 'Object Repository/TC13_BookAppt_OR/button_Book Appointment' is clicked on

03-10-2024T01:20:26 - [MESSAGE][PASSED] - Object: 'Object Repository/TC13_BookAppt_OR/button_Book Appointment' is clicked on

03-10-2024T01:20:26 - [TEST_STEP][PASSED] - navigateToUrl("https://katalon-demo-cura.herokuapp.com/appointment.php#summary"): Navigate to 'https://katalon-demo-cura.herokuapp.com/appointment.php#summary' successfully

03-10-2024T01:20:26 - [MESSAGE][PASSED] - Navigate to 'https://katalon-demo-cura.herokuapp.com/appointment.php#summary' successfully

03-10-2024T01:20:26 - [TEST_STEP][PASSED] - click(findTestObject("Object Repository/TC13_BookAppt_OR/h2_Appointment Confirmation")): Object: 'Object Repository/TC13_BookAppt_OR/h2_Appointment Confirmation' is clicked on

03-10-2024T01:20:26 - [MESSAGE][PASSED] - Object: 'Object Repository/TC13_BookAppt_OR/h2_Appointment Confirmation' is clicked on]]></system-out>
         <system-err><![CDATA[]]></system-err>
      </testcase>
      <system-out><![CDATA[03-10-2024T01:19:58 - [TEST_SUITE][PASSED] - TS13_BookAppt: Test Cases/TC13_BookAppt]]></system-out>
      <system-err><![CDATA[]]></system-err>
   </testsuite>
</testsuites>
