<?xml version="1.0" encoding="UTF-8"?>
<testsuites name="TS2_Menu" time="13.114" tests="1" failures="0" errors="0">
   <testsuite name="TS2_Menu" tests="1" failures="0" errors="0" time="13.114" skipped="0" timestamp="03-10-2024T01:28:50" hostname="UC276JC - IN3155587W2.ey.net" id="Test Suites/TS2_Menu">
      <properties>
         <property name="deviceName" value=""/>
         <property name="devicePlatform"/>
         <property name="logFolder" value="C:\\Users\\UC276JC\\git\\FinalKatalonTraining\\Reports\\20241003_012840\\TS2_Menu\\20241003_012841"/>
         <property name="logFiles" value="C:\\Users\\UC276JC\\git\\FinalKatalonTraining\\Reports\\20241003_012840\\TS2_Menu\\20241003_012841\\execution0.log"/>
         <property name="attachments" value=""/>
         <property name="hostName" value="UC276JC - IN3155587W2.ey.net"/>
         <property name="os" value="Windows 10 64bit"/>
         <property name="katalonVersion" value="9.7.2.223"/>
         <property name="browser" value="Edge Chromium 129"/>
         <property name="hostAddress" value="192.168.0.101"/>
         <property name="sessionId" value="2b405dc5b96635fdeb362797dfc932fc"/>
         <property name="seleniumVersion" value="3.141.59"/>
         <property name="proxyInformation" value="ProxyInformation { proxyOption=NO_PROXY, proxyServerType=HTTP, username=, password=********, proxyServerAddress=, proxyServerPort=0, executionList=&quot;&quot;, isApplyToDesiredCapabilities=true }"/>
         <property name="platform" value="Windows 10"/>
      </properties>
      <testcase name="Test Cases/TC2_Menu" time="12.774" classname="Test Cases/TC2_Menu" status="PASSED">
         <system-out><![CDATA[03-10-2024T01:28:50 - [TEST_CASE][PASSED] - Test Cases/TC2_Menu: Test Cases/TC2_Menu

03-10-2024T01:28:51 - [TEST_STEP][PASSED] - openBrowser(""): Browser is opened with url: ''

03-10-2024T01:28:52 - [MESSAGE][INFO] - Starting 'Edge Chromium' driver

03-10-2024T01:28:54 - [MESSAGE][INFO] - Action delay is set to 0 milliseconds

03-10-2024T01:28:57 - [MESSAGE][PASSED] - Browser is opened with url: ''

03-10-2024T01:28:57 - [TEST_STEP][PASSED] - navigateToUrl("https://katalon-demo-cura.herokuapp.com/"): Navigate to 'https://katalon-demo-cura.herokuapp.com/' successfully

03-10-2024T01:29:01 - [MESSAGE][PASSED] - Navigate to 'https://katalon-demo-cura.herokuapp.com/' successfully

03-10-2024T01:29:01 - [TEST_STEP][PASSED] - click(findTestObject("Object Repository/TC2_Menu_OR/i_CURA Healthcare_fa fa-bars")): Object: 'Object Repository/TC2_Menu_OR/i_CURA Healthcare_fa fa-bars' is clicked on

03-10-2024T01:29:02 - [MESSAGE][PASSED] - Object: 'Object Repository/TC2_Menu_OR/i_CURA Healthcare_fa fa-bars' is clicked on

03-10-2024T01:29:02 - [TEST_STEP][PASSED] - verifyElementPresent(findTestObject("Object Repository/TC2_Menu_OR/a_Home"), 0): Object 'Object Repository/TC2_Menu_OR/a_Home' is present

03-10-2024T01:29:02 - [MESSAGE][WARNING] - Timeout '0' is invalid. Using default page load timeout: '30'

03-10-2024T01:29:02 - [MESSAGE][PASSED] - Object 'Object Repository/TC2_Menu_OR/a_Home' is present

03-10-2024T01:29:02 - [TEST_STEP][PASSED] - verifyElementPresent(findTestObject("Object Repository/TC2_Menu_OR/a_Login"), 0): Object 'Object Repository/TC2_Menu_OR/a_Login' is present

03-10-2024T01:29:02 - [MESSAGE][WARNING] - Timeout '0' is invalid. Using default page load timeout: '30'

03-10-2024T01:29:02 - [MESSAGE][PASSED] - Object 'Object Repository/TC2_Menu_OR/a_Login' is present

03-10-2024T01:29:02 - [TEST_STEP][PASSED] - closeBrowser(): Browser is closed

03-10-2024T01:29:03 - [MESSAGE][PASSED] - Browser is closed]]></system-out>
         <system-err><![CDATA[]]></system-err>
      </testcase>
      <system-out><![CDATA[03-10-2024T01:28:50 - [TEST_SUITE][PASSED] - TS2_Menu: Test Cases/TC2_Menu]]></system-out>
      <system-err><![CDATA[]]></system-err>
   </testsuite>
</testsuites>
