<?xml version="1.0" encoding="UTF-8"?>
<testsuites name="TS3_LoginPage" time="14.511" tests="1" failures="0" errors="0">
   <testsuite name="TS3_LoginPage" tests="1" failures="0" errors="0" time="14.511" skipped="0" timestamp="03-10-2024T01:29:27" hostname="UC276JC - IN3155587W2.ey.net" id="Test Suites/TS3_LoginPage">
      <properties>
         <property name="deviceName" value=""/>
         <property name="devicePlatform"/>
         <property name="logFolder" value="C:\\Users\\UC276JC\\git\\FinalKatalonTraining\\Reports\\20241003_012920\\TS3_LoginPage\\20241003_012920"/>
         <property name="logFiles" value="C:\\Users\\UC276JC\\git\\FinalKatalonTraining\\Reports\\20241003_012920\\TS3_LoginPage\\20241003_012920\\execution0.log"/>
         <property name="attachments" value=""/>
         <property name="hostName" value="UC276JC - IN3155587W2.ey.net"/>
         <property name="os" value="Windows 10 64bit"/>
         <property name="katalonVersion" value="9.7.2.223"/>
         <property name="browser" value="Edge Chromium 129"/>
         <property name="hostAddress" value="192.168.0.101"/>
         <property name="sessionId" value="cec313468f9b0f437ff9f47cc0e53b59"/>
         <property name="seleniumVersion" value="3.141.59"/>
         <property name="proxyInformation" value="ProxyInformation { proxyOption=NO_PROXY, proxyServerType=HTTP, username=, password=********, proxyServerAddress=, proxyServerPort=0, executionList=&quot;&quot;, isApplyToDesiredCapabilities=true }"/>
         <property name="platform" value="Windows 10"/>
      </properties>
      <testcase name="Test Cases/TC3_LoginPage" time="14.188" classname="Test Cases/TC3_LoginPage" status="PASSED">
         <system-out><![CDATA[03-10-2024T01:29:27 - [TEST_CASE][PASSED] - Test Cases/TC3_LoginPage: Test Cases/TC3_LoginPage

03-10-2024T01:29:28 - [TEST_STEP][PASSED] - openBrowser(""): Browser is opened with url: ''

03-10-2024T01:29:28 - [MESSAGE][INFO] - Starting 'Edge Chromium' driver

03-10-2024T01:29:31 - [MESSAGE][INFO] - Action delay is set to 0 milliseconds

03-10-2024T01:29:33 - [MESSAGE][PASSED] - Browser is opened with url: ''

03-10-2024T01:29:33 - [TEST_STEP][PASSED] - navigateToUrl("https://katalon-demo-cura.herokuapp.com/"): Navigate to 'https://katalon-demo-cura.herokuapp.com/' successfully

03-10-2024T01:29:36 - [MESSAGE][PASSED] - Navigate to 'https://katalon-demo-cura.herokuapp.com/' successfully

03-10-2024T01:29:36 - [TEST_STEP][PASSED] - click(findTestObject("Object Repository/TC3_LoginPage_OR/a_CURA Healthcare_menu-toggle")): Object: 'Object Repository/TC3_LoginPage_OR/a_CURA Healthcare_menu-toggle' is clicked on

03-10-2024T01:29:37 - [MESSAGE][PASSED] - Object: 'Object Repository/TC3_LoginPage_OR/a_CURA Healthcare_menu-toggle' is clicked on

03-10-2024T01:29:37 - [TEST_STEP][PASSED] - click(findTestObject("Object Repository/TC3_LoginPage_OR/a_Login")): Object: 'Object Repository/TC3_LoginPage_OR/a_Login' is clicked on

03-10-2024T01:29:37 - [MESSAGE][PASSED] - Object: 'Object Repository/TC3_LoginPage_OR/a_Login' is clicked on

03-10-2024T01:29:37 - [TEST_STEP][PASSED] - click(findTestObject("Object Repository/TC3_LoginPage_OR/a_CURA Healthcare_menu-toggle")): Object: 'Object Repository/TC3_LoginPage_OR/a_CURA Healthcare_menu-toggle' is clicked on

03-10-2024T01:29:38 - [MESSAGE][PASSED] - Object: 'Object Repository/TC3_LoginPage_OR/a_CURA Healthcare_menu-toggle' is clicked on

03-10-2024T01:29:38 - [TEST_STEP][PASSED] - click(findTestObject("Object Repository/TC3_LoginPage_OR/a_Login")): Object: 'Object Repository/TC3_LoginPage_OR/a_Login' is clicked on

03-10-2024T01:29:38 - [MESSAGE][PASSED] - Object: 'Object Repository/TC3_LoginPage_OR/a_Login' is clicked on

03-10-2024T01:29:38 - [TEST_STEP][PASSED] - setText(findTestObject("Object Repository/TC3_LoginPage_OR/input_Username_username"), "John Doe"): Text 'John Doe' is set on object 'Object Repository/TC3_LoginPage_OR/input_Username_username'

03-10-2024T01:29:39 - [MESSAGE][PASSED] - Text 'John Doe' is set on object 'Object Repository/TC3_LoginPage_OR/input_Username_username'

03-10-2024T01:29:39 - [TEST_STEP][PASSED] - setEncryptedText(findTestObject("Object Repository/TC3_LoginPage_OR/input_Password_password"), "g3/DOGG74jC3Flrr3yH+3D/yKbOqqUNM"): Text ****** has been set on object 'Object Repository/TC3_LoginPage_OR/input_Password_password'

03-10-2024T01:29:40 - [MESSAGE][PASSED] - Text ****** has been set on object 'Object Repository/TC3_LoginPage_OR/input_Password_password'

03-10-2024T01:29:40 - [TEST_STEP][PASSED] - click(findTestObject("Object Repository/TC3_LoginPage_OR/button_Login")): Object: 'Object Repository/TC3_LoginPage_OR/button_Login' is clicked on

03-10-2024T01:29:41 - [MESSAGE][PASSED] - Object: 'Object Repository/TC3_LoginPage_OR/button_Login' is clicked on

03-10-2024T01:29:41 - [TEST_STEP][PASSED] - click(findTestObject("Object Repository/TC3_LoginPage_OR/h2_Make Appointment")): Object: 'Object Repository/TC3_LoginPage_OR/h2_Make Appointment' is clicked on

03-10-2024T01:29:41 - [MESSAGE][PASSED] - Object: 'Object Repository/TC3_LoginPage_OR/h2_Make Appointment' is clicked on]]></system-out>
         <system-err><![CDATA[]]></system-err>
      </testcase>
      <system-out><![CDATA[03-10-2024T01:29:27 - [TEST_SUITE][PASSED] - TS3_LoginPage: Test Cases/TC3_LoginPage]]></system-out>
      <system-err><![CDATA[]]></system-err>
   </testsuite>
</testsuites>
