<?xml version="1.0" encoding="UTF-8"?>
<testsuites name="TS6_ProfilePage" time="18.847" tests="1" failures="0" errors="0">
   <testsuite name="TS6_ProfilePage" tests="1" failures="0" errors="0" time="18.847" skipped="0" timestamp="03-10-2024T01:31:28" hostname="UC276JC - IN3155587W2.ey.net" id="Test Suites/TS6_ProfilePage">
      <properties>
         <property name="deviceName" value=""/>
         <property name="devicePlatform"/>
         <property name="logFolder" value="C:\\Users\\UC276JC\\git\\FinalKatalonTraining\\Reports\\20241003_013122\\TS6_ProfilePage\\20241003_013122"/>
         <property name="logFiles" value="C:\\Users\\UC276JC\\git\\FinalKatalonTraining\\Reports\\20241003_013122\\TS6_ProfilePage\\20241003_013122\\execution0.log"/>
         <property name="attachments" value=""/>
         <property name="hostName" value="UC276JC - IN3155587W2.ey.net"/>
         <property name="os" value="Windows 10 64bit"/>
         <property name="katalonVersion" value="9.7.2.223"/>
         <property name="browser" value="Edge Chromium 129"/>
         <property name="hostAddress" value="192.168.0.101"/>
         <property name="sessionId" value="0109aec7afe7d3ca91b038c2c91ebdaa"/>
         <property name="seleniumVersion" value="3.141.59"/>
         <property name="proxyInformation" value="ProxyInformation { proxyOption=NO_PROXY, proxyServerType=HTTP, username=, password=********, proxyServerAddress=, proxyServerPort=0, executionList=&quot;&quot;, isApplyToDesiredCapabilities=true }"/>
         <property name="platform" value="Windows 10"/>
      </properties>
      <testcase name="Test Cases/TC6_ProfilePage" time="18.43" classname="Test Cases/TC6_ProfilePage" status="PASSED">
         <system-out><![CDATA[03-10-2024T01:31:28 - [TEST_CASE][PASSED] - Test Cases/TC6_ProfilePage: Test Cases/TC6_ProfilePage

03-10-2024T01:31:29 - [TEST_STEP][PASSED] - openBrowser(""): Browser is opened with url: ''

03-10-2024T01:31:30 - [MESSAGE][INFO] - Starting 'Edge Chromium' driver

03-10-2024T01:31:32 - [MESSAGE][INFO] - Action delay is set to 0 milliseconds

03-10-2024T01:31:35 - [MESSAGE][PASSED] - Browser is opened with url: ''

03-10-2024T01:31:35 - [TEST_STEP][PASSED] - navigateToUrl("https://katalon-demo-cura.herokuapp.com/"): Navigate to 'https://katalon-demo-cura.herokuapp.com/' successfully

03-10-2024T01:31:36 - [MESSAGE][PASSED] - Navigate to 'https://katalon-demo-cura.herokuapp.com/' successfully

03-10-2024T01:31:36 - [TEST_STEP][PASSED] - click(findTestObject("Object Repository/TC6_ProfilePage_OR/i_CURA Healthcare_fa fa-bars")): Object: 'Object Repository/TC6_ProfilePage_OR/i_CURA Healthcare_fa fa-bars' is clicked on

03-10-2024T01:31:39 - [MESSAGE][PASSED] - Object: 'Object Repository/TC6_ProfilePage_OR/i_CURA Healthcare_fa fa-bars' is clicked on

03-10-2024T01:31:39 - [TEST_STEP][PASSED] - click(findTestObject("Object Repository/TC6_ProfilePage_OR/a_Login")): Object: 'Object Repository/TC6_ProfilePage_OR/a_Login' is clicked on

03-10-2024T01:31:40 - [MESSAGE][PASSED] - Object: 'Object Repository/TC6_ProfilePage_OR/a_Login' is clicked on

03-10-2024T01:31:40 - [TEST_STEP][PASSED] - click(findTestObject("Object Repository/TC6_ProfilePage_OR/input_Demo account_form-control")): Object: 'Object Repository/TC6_ProfilePage_OR/input_Demo account_form-control' is clicked on

03-10-2024T01:31:40 - [MESSAGE][PASSED] - Object: 'Object Repository/TC6_ProfilePage_OR/input_Demo account_form-control' is clicked on

03-10-2024T01:31:40 - [TEST_STEP][PASSED] - setText(findTestObject("Object Repository/TC6_ProfilePage_OR/input_Username_username"), "John Doe"): Text 'John Doe' is set on object 'Object Repository/TC6_ProfilePage_OR/input_Username_username'

03-10-2024T01:31:41 - [MESSAGE][PASSED] - Text 'John Doe' is set on object 'Object Repository/TC6_ProfilePage_OR/input_Username_username'

03-10-2024T01:31:41 - [TEST_STEP][PASSED] - setText(findTestObject("Object Repository/TC6_ProfilePage_OR/input_Demo account_form-control_1"), "ThisIsNotAPassword"): Text 'ThisIsNotAPassword' is set on object 'Object Repository/TC6_ProfilePage_OR/input_Demo account_form-control_1'

03-10-2024T01:31:41 - [MESSAGE][PASSED] - Text 'ThisIsNotAPassword' is set on object 'Object Repository/TC6_ProfilePage_OR/input_Demo account_form-control_1'

03-10-2024T01:31:41 - [TEST_STEP][PASSED] - click(findTestObject("Object Repository/TC6_ProfilePage_OR/input_Demo account_form-control_1")): Object: 'Object Repository/TC6_ProfilePage_OR/input_Demo account_form-control_1' is clicked on

03-10-2024T01:31:42 - [MESSAGE][PASSED] - Object: 'Object Repository/TC6_ProfilePage_OR/input_Demo account_form-control_1' is clicked on

03-10-2024T01:31:42 - [TEST_STEP][PASSED] - setEncryptedText(findTestObject("Object Repository/TC6_ProfilePage_OR/input_Password_password"), "g3/DOGG74jC3Flrr3yH+3D/yKbOqqUNM"): Text ****** has been set on object 'Object Repository/TC6_ProfilePage_OR/input_Password_password'

03-10-2024T01:31:42 - [MESSAGE][PASSED] - Text ****** has been set on object 'Object Repository/TC6_ProfilePage_OR/input_Password_password'

03-10-2024T01:31:42 - [TEST_STEP][PASSED] - click(findTestObject("Object Repository/TC6_ProfilePage_OR/button_Login")): Object: 'Object Repository/TC6_ProfilePage_OR/button_Login' is clicked on

03-10-2024T01:31:43 - [MESSAGE][PASSED] - Object: 'Object Repository/TC6_ProfilePage_OR/button_Login' is clicked on

03-10-2024T01:31:43 - [TEST_STEP][PASSED] - click(findTestObject("Object Repository/TC6_ProfilePage_OR/i_CURA Healthcare_fa fa-bars")): Object: 'Object Repository/TC6_ProfilePage_OR/i_CURA Healthcare_fa fa-bars' is clicked on

03-10-2024T01:31:44 - [MESSAGE][PASSED] - Object: 'Object Repository/TC6_ProfilePage_OR/i_CURA Healthcare_fa fa-bars' is clicked on

03-10-2024T01:31:44 - [TEST_STEP][PASSED] - verifyElementPresent(findTestObject("Object Repository/TC6_ProfilePage_OR/a_Profile"), 0): Object 'Object Repository/TC6_ProfilePage_OR/a_Profile' is present

03-10-2024T01:31:44 - [MESSAGE][WARNING] - Timeout '0' is invalid. Using default page load timeout: '30'

03-10-2024T01:31:44 - [MESSAGE][PASSED] - Object 'Object Repository/TC6_ProfilePage_OR/a_Profile' is present

03-10-2024T01:31:44 - [TEST_STEP][PASSED] - click(findTestObject("Object Repository/TC6_ProfilePage_OR/a_Profile")): Object: 'Object Repository/TC6_ProfilePage_OR/a_Profile' is clicked on

03-10-2024T01:31:45 - [MESSAGE][PASSED] - Object: 'Object Repository/TC6_ProfilePage_OR/a_Profile' is clicked on

03-10-2024T01:31:45 - [TEST_STEP][PASSED] - rightClick(findTestObject("Object Repository/TC6_ProfilePage_OR/h2_Profile")): Object: 'Object Repository/TC6_ProfilePage_OR/h2_Profile' is right clicked on

03-10-2024T01:31:45 - [MESSAGE][PASSED] - Object: 'Object Repository/TC6_ProfilePage_OR/h2_Profile' is right clicked on

03-10-2024T01:31:45 - [TEST_STEP][PASSED] - click(findTestObject("Object Repository/TC6_ProfilePage_OR/h2_Profile")): Object: 'Object Repository/TC6_ProfilePage_OR/h2_Profile' is clicked on

03-10-2024T01:31:46 - [MESSAGE][PASSED] - Object: 'Object Repository/TC6_ProfilePage_OR/h2_Profile' is clicked on

03-10-2024T01:31:46 - [TEST_STEP][PASSED] - doubleClick(findTestObject("Object Repository/TC6_ProfilePage_OR/h2_Profile")): Object: 'Object Repository/TC6_ProfilePage_OR/h2_Profile' is double clicked on

03-10-2024T01:31:46 - [MESSAGE][PASSED] - Object: 'Object Repository/TC6_ProfilePage_OR/h2_Profile' is double clicked on

03-10-2024T01:31:46 - [TEST_STEP][PASSED] - verifyElementText(findTestObject("Object Repository/TC6_ProfilePage_OR/h2_Profile"), "Profile"): Actual text and expected text of test object 'Object Repository/TC6_ProfilePage_OR/h2_Profile' are matched.

03-10-2024T01:31:47 - [MESSAGE][PASSED] - Actual text and expected text of test object 'Object Repository/TC6_ProfilePage_OR/h2_Profile' are matched.

03-10-2024T01:31:47 - [TEST_STEP][PASSED] - closeBrowser(): Browser is closed

03-10-2024T01:31:47 - [MESSAGE][PASSED] - Browser is closed]]></system-out>
         <system-err><![CDATA[]]></system-err>
      </testcase>
      <system-out><![CDATA[03-10-2024T01:31:28 - [TEST_SUITE][PASSED] - TS6_ProfilePage: Test Cases/TC6_ProfilePage]]></system-out>
      <system-err><![CDATA[]]></system-err>
   </testsuite>
</testsuites>
