<?xml version="1.0" encoding="UTF-8"?>
<testsuites name="TS1_LandingPage" time="11.543" tests="1" failures="0" errors="0">
   <testsuite name="TS1_LandingPage" tests="1" failures="0" errors="0" time="11.543" skipped="0" timestamp="03-10-2024T01:26:51" hostname="UC276JC - IN3155587W2.ey.net" id="Test Suites/TS1_LandingPage">
      <properties>
         <property name="deviceName" value=""/>
         <property name="devicePlatform"/>
         <property name="logFolder" value="C:\\Users\\UC276JC\\git\\FinalKatalonTraining\\Reports\\20241003_012642\\TS1_LandingPage\\20241003_012643"/>
         <property name="logFiles" value="C:\\Users\\UC276JC\\git\\FinalKatalonTraining\\Reports\\20241003_012642\\TS1_LandingPage\\20241003_012643\\execution0.log"/>
         <property name="attachments" value=""/>
         <property name="hostName" value="UC276JC - IN3155587W2.ey.net"/>
         <property name="os" value="Windows 10 64bit"/>
         <property name="katalonVersion" value="9.7.2.223"/>
         <property name="browser" value="Edge Chromium 129"/>
         <property name="hostAddress" value="192.168.0.101"/>
         <property name="sessionId" value="323fa5ff2ed8680085d9781fa51a97d2"/>
         <property name="seleniumVersion" value="3.141.59"/>
         <property name="proxyInformation" value="ProxyInformation { proxyOption=NO_PROXY, proxyServerType=HTTP, username=, password=********, proxyServerAddress=, proxyServerPort=0, executionList=&quot;&quot;, isApplyToDesiredCapabilities=true }"/>
         <property name="platform" value="Windows 10"/>
      </properties>
      <testcase name="Test Cases/TC1_LandingPage" time="11.17" classname="Test Cases/TC1_LandingPage" status="PASSED">
         <system-out><![CDATA[03-10-2024T01:26:51 - [TEST_CASE][PASSED] - Test Cases/TC1_LandingPage: Test Cases/TC1_LandingPage

03-10-2024T01:26:52 - [TEST_STEP][PASSED] - openBrowser(""): Browser is opened with url: ''

03-10-2024T01:26:53 - [MESSAGE][INFO] - Starting 'Edge Chromium' driver

03-10-2024T01:26:55 - [MESSAGE][INFO] - Action delay is set to 0 milliseconds

03-10-2024T01:26:58 - [MESSAGE][PASSED] - Browser is opened with url: ''

03-10-2024T01:26:58 - [TEST_STEP][PASSED] - navigateToUrl("https://katalon-demo-cura.herokuapp.com/"): Navigate to 'https://katalon-demo-cura.herokuapp.com/' successfully

03-10-2024T01:27:01 - [MESSAGE][PASSED] - Navigate to 'https://katalon-demo-cura.herokuapp.com/' successfully

03-10-2024T01:27:01 - [TEST_STEP][PASSED] - click(findTestObject("Object Repository/TC1_LandingPage_OR/Page_CURA Healthcare Service/strong_CURA Healthcare Service")): Object: 'Object Repository/TC1_LandingPage_OR/Page_CURA Healthcare Service/strong_CURA Healthcare Service' is clicked on

03-10-2024T01:27:02 - [MESSAGE][PASSED] - Object: 'Object Repository/TC1_LandingPage_OR/Page_CURA Healthcare Service/strong_CURA Healthcare Service' is clicked on

03-10-2024T01:27:02 - [TEST_STEP][PASSED] - closeBrowser(): Browser is closed

03-10-2024T01:27:03 - [MESSAGE][PASSED] - Browser is closed]]></system-out>
         <system-err><![CDATA[]]></system-err>
      </testcase>
      <system-out><![CDATA[03-10-2024T01:26:51 - [TEST_SUITE][PASSED] - TS1_LandingPage: Test Cases/TC1_LandingPage]]></system-out>
      <system-err><![CDATA[]]></system-err>
   </testsuite>
</testsuites>
